TN:
SF:src\App.tsx
FN:18,App
FN:29,(anonymous_1)
FN:69,(anonymous_2)
FNF:3
FNH:0
FNDA:0,App
FNDA:0,(anonymous_1)
FNDA:0,(anonymous_2)
DA:19,0
DA:20,0
DA:23,0
DA:26,0
DA:29,0
DA:30,0
DA:31,0
DA:32,0
DA:36,0
DA:37,0
DA:45,0
DA:46,0
DA:70,0
DA:71,0
DA:82,0
LF:15
LH:0
BRDA:31,0,0,0
BRDA:31,0,1,0
BRDA:36,1,0,0
BRDA:36,1,1,0
BRDA:45,2,0,0
BRDA:45,2,1,0
BRDA:86,3,0,0
BRDA:86,3,1,0
BRDA:91,4,0,0
BRDA:91,4,1,0
BRF:10
BRH:0
end_of_record
TN:
SF:src\components\AddGearToGroupModal.tsx
FN:23,AddGearToGroupModal
FN:35,(anonymous_1)
FN:37,(anonymous_2)
FN:53,(anonymous_3)
FN:64,(anonymous_4)
FN:75,(anonymous_5)
FN:101,(anonymous_6)
FN:120,(anonymous_7)
FN:125,(anonymous_8)
FN:128,(anonymous_9)
FN:153,(anonymous_10)
FNF:11
FNH:0
FNDA:0,AddGearToGroupModal
FNDA:0,(anonymous_1)
FNDA:0,(anonymous_2)
FNDA:0,(anonymous_3)
FNDA:0,(anonymous_4)
FNDA:0,(anonymous_5)
FNDA:0,(anonymous_6)
FNDA:0,(anonymous_7)
FNDA:0,(anonymous_8)
FNDA:0,(anonymous_9)
FNDA:0,(anonymous_10)
DA:30,0
DA:31,0
DA:32,0
DA:33,0
DA:35,0
DA:36,0
DA:37,0
DA:38,0
DA:39,0
DA:40,0
DA:45,0
DA:46,0
DA:47,0
DA:51,0
DA:52,0
DA:53,0
DA:54,0
DA:56,0
DA:58,0
DA:61,0
DA:64,0
DA:65,0
DA:66,0
DA:67,0
DA:73,0
DA:75,0
DA:76,0
DA:77,0
DA:78,0
DA:80,0
DA:81,0
DA:82,0
DA:88,0
DA:91,0
DA:92,0
DA:94,0
DA:98,0
DA:101,0
DA:103,0
DA:120,0
DA:126,0
DA:128,0
DA:154,0
DA:155,0
LF:44
LH:0
BRDA:36,0,0,0
BRDA:36,0,1,0
BRDA:45,1,0,0
BRDA:45,1,1,0
BRDA:51,2,0,0
BRDA:51,2,1,0
BRDA:52,3,0,0
BRDA:52,3,1,0
BRDA:80,4,0,0
BRDA:80,4,1,0
BRDA:98,5,0,0
BRDA:98,5,1,0
BRDA:112,6,0,0
BRDA:112,6,1,0
BRDA:114,7,0,0
BRDA:114,7,1,0
BRDA:126,8,0,0
BRDA:126,8,1,0
BRDA:126,9,0,0
BRDA:126,9,1,0
BRDA:133,10,0,0
BRDA:133,10,1,0
BRDA:160,11,0,0
BRDA:160,11,1,0
BRF:24
BRH:0
end_of_record
TN:
SF:src\components\BorrowRequestModal.tsx
FN:16,(anonymous_0)
FN:35,(anonymous_1)
FN:48,(anonymous_2)
FN:52,(anonymous_3)
FN:84,(anonymous_4)
FN:167,(anonymous_5)
FN:175,(anonymous_6)
FN:232,(anonymous_7)
FN:234,(anonymous_8)
FN:266,(anonymous_9)
FN:268,(anonymous_10)
FN:299,(anonymous_11)
FNF:12
FNH:0
FNDA:0,(anonymous_0)
FNDA:0,(anonymous_1)
FNDA:0,(anonymous_2)
FNDA:0,(anonymous_3)
FNDA:0,(anonymous_4)
FNDA:0,(anonymous_5)
FNDA:0,(anonymous_6)
FNDA:0,(anonymous_7)
FNDA:0,(anonymous_8)
FNDA:0,(anonymous_9)
FNDA:0,(anonymous_10)
FNDA:0,(anonymous_11)
DA:16,0
DA:24,0
DA:25,0
DA:26,0
DA:27,0
DA:28,0
DA:29,0
DA:30,0
DA:35,0
DA:36,0
DA:37,0
DA:38,0
DA:39,0
DA:40,0
DA:41,0
DA:44,0
DA:45,0
DA:48,0
DA:49,0
DA:52,0
DA:53,0
DA:54,0
DA:57,0
DA:58,0
DA:60,0
DA:61,0
DA:62,0
DA:64,0
DA:65,0
DA:69,0
DA:70,0
DA:71,0
DA:72,0
DA:73,0
DA:75,0
DA:76,0
DA:80,0
DA:81,0
DA:84,0
DA:85,0
DA:86,0
DA:88,0
DA:89,0
DA:90,0
DA:93,0
DA:95,0
DA:96,0
DA:105,0
DA:108,0
DA:109,0
DA:110,0
DA:111,0
DA:114,0
DA:117,0
DA:120,0
DA:122,0
DA:125,0
DA:126,0
DA:130,0
DA:131,0
DA:134,0
DA:138,0
DA:140,0
DA:145,0
DA:148,0
DA:153,0
DA:155,0
DA:168,0
DA:169,0
DA:175,0
DA:233,0
DA:234,0
DA:267,0
DA:268,0
DA:299,0
LF:75
LH:0
BRDA:44,0,0,0
BRDA:44,0,1,0
BRDA:57,1,0,0
BRDA:57,1,1,0
BRDA:64,2,0,0
BRDA:64,2,1,0
BRDA:69,3,0,0
BRDA:69,3,1,0
BRDA:71,4,0,0
BRDA:71,4,1,0
BRDA:75,5,0,0
BRDA:75,5,1,0
BRDA:88,6,0,0
BRDA:88,6,1,0
BRDA:99,7,0,0
BRDA:99,7,1,0
BRDA:102,8,0,0
BRDA:102,8,1,0
BRDA:126,9,0,0
BRDA:126,9,1,0
BRDA:127,10,0,0
BRDA:127,10,1,0
BRDA:138,11,0,0
BRDA:138,11,1,0
BRDA:168,12,0,0
BRDA:168,12,1,0
BRDA:200,13,0,0
BRDA:200,13,1,0
BRDA:241,14,0,0
BRDA:241,14,1,0
BRDA:247,15,0,0
BRDA:247,15,1,0
BRDA:273,16,0,0
BRDA:273,16,1,0
BRDA:275,17,0,0
BRDA:275,17,1,0
BRDA:281,18,0,0
BRDA:281,18,1,0
BRDA:322,19,0,0
BRDA:322,19,1,0
BRF:40
BRH:0
end_of_record
TN:
SF:src\components\BottomNavigation.tsx
FN:5,BottomNavigation
FN:10,(anonymous_1)
FN:23,(anonymous_2)
FN:36,(anonymous_3)
FN:49,(anonymous_4)
FN:62,(anonymous_5)
FN:75,(anonymous_6)
FN:106,(anonymous_7)
FNF:8
FNH:0
FNDA:0,BottomNavigation
FNDA:0,(anonymous_1)
FNDA:0,(anonymous_2)
FNDA:0,(anonymous_3)
FNDA:0,(anonymous_4)
FNDA:0,(anonymous_5)
FNDA:0,(anonymous_6)
FNDA:0,(anonymous_7)
DA:6,0
DA:7,0
DA:8,0
DA:10,0
DA:11,0
DA:15,0
DA:16,0
DA:19,0
DA:23,0
DA:36,0
DA:49,0
DA:62,0
DA:75,0
DA:87,0
DA:107,0
DA:109,0
LF:16
LH:0
BRDA:15,0,0,0
BRDA:15,0,1,0
BRDA:25,1,0,0
BRDA:25,1,1,0
BRDA:38,2,0,0
BRDA:38,2,1,0
BRDA:51,3,0,0
BRDA:51,3,1,0
BRDA:64,4,0,0
BRDA:64,4,1,0
BRDA:77,5,0,0
BRDA:77,5,1,0
BRDA:116,6,0,0
BRDA:116,6,1,0
BRDA:116,6,2,0
BRDA:121,7,0,0
BRDA:121,7,1,0
BRF:17
BRH:0
end_of_record
TN:
SF:src\components\ErrorBoundary.tsx
FN:1,_define_property
FN:18,(anonymous_1)
FN:22,(anonymous_2)
FN:26,(anonymous_3)
FN:58,(anonymous_4)
FNF:5
FNH:4
FNDA:5,_define_property
FNDA:1,(anonymous_1)
FNDA:2,(anonymous_2)
FNDA:9,(anonymous_3)
FNDA:0,(anonymous_4)
DA:12,6
DA:19,4
DA:23,2
DA:27,9
DA:28,4
DA:58,0
DA:68,5
LF:7
LH:6
BRDA:27,0,0,4
BRDA:27,0,1,5
BRDA:50,1,0,4
BRDA:50,1,1,2
BRF:4
BRH:4
end_of_record
TN:
SF:src\components\FloatingActionButton.tsx
FN:3,FloatingActionButton
FNF:1
FNH:0
FNDA:0,FloatingActionButton
DA:4,0
LF:1
LH:0
BRF:0
BRH:0
end_of_record
TN:
SF:src\components\GearCard.tsx
FN:19,(anonymous_0)
FN:29,(anonymous_1)
FN:38,(anonymous_2)
FN:40,(anonymous_3)
FN:75,(anonymous_4)
FN:85,(anonymous_5)
FN:158,(anonymous_6)
FN:177,(anonymous_7)
FN:185,(anonymous_8)
FN:189,(anonymous_9)
FN:273,(anonymous_10)
FN:321,(anonymous_11)
FN:366,(anonymous_12)
FN:394,(anonymous_13)
FN:426,(anonymous_14)
FNF:15
FNH:0
FNDA:0,(anonymous_0)
FNDA:0,(anonymous_1)
FNDA:0,(anonymous_2)
FNDA:0,(anonymous_3)
FNDA:0,(anonymous_4)
FNDA:0,(anonymous_5)
FNDA:0,(anonymous_6)
FNDA:0,(anonymous_7)
FNDA:0,(anonymous_8)
FNDA:0,(anonymous_9)
FNDA:0,(anonymous_10)
FNDA:0,(anonymous_11)
FNDA:0,(anonymous_12)
FNDA:0,(anonymous_13)
FNDA:0,(anonymous_14)
DA:19,0
DA:25,0
DA:26,0
DA:27,0
DA:29,0
DA:30,0
DA:31,0
DA:32,0
DA:36,0
DA:38,0
DA:39,0
DA:40,0
DA:41,0
DA:42,0
DA:43,0
DA:47,0
DA:75,0
DA:85,0
DA:158,0
DA:174,0
DA:175,0
DA:177,0
DA:178,0
DA:185,0
DA:186,0
DA:189,0
DA:193,0
DA:194,0
DA:195,0
DA:203,0
DA:273,0
DA:322,0
DA:323,0
DA:324,0
DA:326,0
DA:367,0
DA:394,0
DA:426,0
LF:38
LH:0
BRDA:25,0,0,0
BRDA:25,0,1,0
BRDA:26,1,0,0
BRDA:26,1,1,0
BRDA:30,2,0,0
BRDA:30,2,1,0
BRDA:32,3,0,0
BRDA:32,3,1,0
BRDA:36,4,0,0
BRDA:36,4,1,0
BRDA:49,5,0,0
BRDA:49,5,1,0
BRDA:94,6,0,0
BRDA:94,6,1,0
BRDA:97,7,0,0
BRDA:97,7,1,0
BRDA:163,8,0,0
BRDA:164,9,0,0
BRDA:165,10,0,0
BRDA:170,11,0,0
BRDA:172,12,0,0
BRDA:175,13,0,0
BRDA:175,13,1,0
BRDA:194,14,0,0
BRDA:194,14,1,0
BRDA:198,15,0,0
BRDA:198,15,1,0
BRDA:210,16,0,0
BRDA:210,16,1,0
BRDA:214,17,0,0
BRDA:214,17,1,0
BRDA:222,18,0,0
BRDA:222,18,1,0
BRDA:225,19,0,0
BRDA:225,19,1,0
BRDA:236,20,0,0
BRDA:236,20,1,0
BRDA:238,21,0,0
BRDA:238,21,1,0
BRDA:243,22,0,0
BRDA:243,22,1,0
BRDA:245,23,0,0
BRDA:245,23,1,0
BRDA:266,24,0,0
BRDA:266,24,1,0
BRDA:266,24,2,0
BRDA:266,24,3,0
BRDA:284,25,0,0
BRDA:284,25,1,0
BRDA:290,26,0,0
BRDA:290,26,1,0
BRDA:290,26,2,0
BRDA:302,27,0,0
BRDA:302,27,1,0
BRDA:317,28,0,0
BRDA:317,28,1,0
BRDA:317,28,2,0
BRDA:322,29,0,0
BRDA:322,29,1,0
BRDA:334,30,0,0
BRDA:334,30,1,0
BRDA:339,31,0,0
BRDA:339,31,1,0
BRDA:343,32,0,0
BRDA:343,32,1,0
BRDA:345,33,0,0
BRDA:345,33,1,0
BRDA:362,34,0,0
BRDA:362,34,1,0
BRDA:390,35,0,0
BRDA:390,35,1,0
BRF:71
BRH:0
end_of_record
TN:
SF:src\components\Header.tsx
FN:9,Header
FN:14,(anonymous_1)
FNF:2
FNH:1
FNDA:4,Header
FNDA:0,(anonymous_1)
DA:10,4
DA:11,4
DA:12,4
DA:14,4
DA:15,0
DA:16,0
DA:17,0
DA:21,4
LF:8
LH:5
BRDA:12,0,0,4
BRDA:12,0,1,4
BRDA:15,1,0,0
BRDA:15,1,1,0
BRDA:55,2,0,4
BRDA:55,2,1,2
BRDA:86,3,0,2
BRDA:86,3,1,0
BRDA:94,4,0,4
BRDA:94,4,1,2
BRDA:96,5,0,2
BRDA:96,5,1,1
BRDA:100,6,0,1
BRDA:100,6,1,0
BRF:14
BRH:10
end_of_record
TN:
SF:src\components\ManageGroupSharing.tsx
FN:19,(anonymous_0)
FN:31,(anonymous_1)
FN:52,(anonymous_2)
FN:58,(anonymous_3)
FN:78,(anonymous_4)
FN:98,(anonymous_5)
FN:99,(anonymous_6)
FN:157,(anonymous_7)
FN:200,(anonymous_8)
FN:209,(anonymous_9)
FNF:10
FNH:0
FNDA:0,(anonymous_0)
FNDA:0,(anonymous_1)
FNDA:0,(anonymous_2)
FNDA:0,(anonymous_3)
FNDA:0,(anonymous_4)
FNDA:0,(anonymous_5)
FNDA:0,(anonymous_6)
FNDA:0,(anonymous_7)
FNDA:0,(anonymous_8)
FNDA:0,(anonymous_9)
DA:19,0
DA:26,0
DA:27,0
DA:28,0
DA:29,0
DA:31,0
DA:32,0
DA:33,0
DA:35,0
DA:38,0
DA:41,0
DA:44,0
DA:46,0
DA:48,0
DA:52,0
DA:53,0
DA:54,0
DA:58,0
DA:59,0
DA:60,0
DA:61,0
DA:69,0
DA:71,0
DA:72,0
DA:74,0
DA:78,0
DA:79,0
DA:80,0
DA:81,0
DA:89,0
DA:91,0
DA:92,0
DA:94,0
DA:98,0
DA:99,0
DA:102,0
DA:104,0
DA:158,0
DA:160,0
DA:200,0
DA:209,0
LF:41
LH:0
BRDA:53,0,0,0
BRDA:53,0,1,0
BRDA:53,1,0,0
BRDA:53,1,1,0
BRDA:53,1,2,0
BRDA:102,2,0,0
BRDA:102,2,1,0
BRDA:137,3,0,0
BRDA:137,3,1,0
BRDA:148,4,0,0
BRDA:148,4,1,0
BRDA:164,5,0,0
BRDA:164,5,1,0
BRDA:171,6,0,0
BRDA:171,6,1,0
BRDA:188,7,0,0
BRDA:188,7,1,0
BRDA:194,8,0,0
BRDA:194,8,1,0
BRDA:229,9,0,0
BRDA:229,9,1,0
BRF:21
BRH:0
end_of_record
TN:
SF:src\components\ManageGroupsModal.tsx
FN:25,ManageGroupsModal
FN:37,(anonymous_1)
FN:39,(anonymous_2)
FN:55,(anonymous_3)
FN:66,(anonymous_4)
FN:73,(anonymous_5)
FN:83,(anonymous_6)
FN:85,(anonymous_7)
FN:87,(anonymous_8)
FN:174,(anonymous_9)
FN:192,(anonymous_10)
FNF:11
FNH:0
FNDA:0,ManageGroupsModal
FNDA:0,(anonymous_1)
FNDA:0,(anonymous_2)
FNDA:0,(anonymous_3)
FNDA:0,(anonymous_4)
FNDA:0,(anonymous_5)
FNDA:0,(anonymous_6)
FNDA:0,(anonymous_7)
FNDA:0,(anonymous_8)
FNDA:0,(anonymous_9)
FNDA:0,(anonymous_10)
DA:32,0
DA:33,0
DA:34,0
DA:35,0
DA:37,0
DA:38,0
DA:39,0
DA:40,0
DA:41,0
DA:42,0
DA:43,0
DA:52,0
DA:53,0
DA:54,0
DA:55,0
DA:56,0
DA:58,0
DA:60,0
DA:63,0
DA:66,0
DA:67,0
DA:68,0
DA:69,0
DA:70,0
DA:73,0
DA:74,0
DA:75,0
DA:76,0
DA:78,0
DA:82,0
DA:83,0
DA:84,0
DA:85,0
DA:87,0
DA:89,0
DA:90,0
DA:97,0
DA:98,0
DA:107,0
DA:108,0
DA:114,0
DA:117,0
DA:118,0
DA:120,0
DA:121,0
DA:123,0
DA:127,0
DA:129,0
DA:174,0
DA:192,0
LF:50
LH:0
BRDA:38,0,0,0
BRDA:38,0,1,0
BRDA:40,1,0,0
BRDA:40,1,1,0
BRDA:68,2,0,0
BRDA:68,2,1,0
BRDA:117,3,0,0
BRDA:117,3,1,0
BRDA:127,4,0,0
BRDA:127,4,1,0
BRDA:131,5,0,0
BRDA:131,5,1,0
BRDA:166,6,0,0
BRDA:166,6,1,0
BRDA:183,7,0,0
BRDA:183,7,1,0
BRDA:197,8,0,0
BRDA:197,8,1,0
BRDA:202,9,0,0
BRDA:202,9,1,0
BRDA:214,10,0,0
BRDA:214,10,1,0
BRDA:223,11,0,0
BRDA:223,11,1,0
BRDA:228,12,0,0
BRDA:228,12,1,0
BRDA:235,13,0,0
BRDA:235,13,1,0
BRDA:266,14,0,0
BRDA:266,14,1,0
BRF:30
BRH:0
end_of_record
TN:
SF:src\components\RequestDashboard.tsx
FN:67,(anonymous_0)
FN:135,(anonymous_1)
FN:162,(anonymous_2)
FN:169,(anonymous_3)
FN:315,(anonymous_4)
FN:323,(anonymous_5)
FN:336,(anonymous_6)
FN:344,(anonymous_7)
FN:356,(anonymous_8)
FN:369,(anonymous_9)
FN:382,(anonymous_10)
FN:397,(anonymous_11)
FN:412,(anonymous_12)
FN:440,(anonymous_13)
FN:472,(anonymous_14)
FN:496,(anonymous_15)
FN:524,(anonymous_16)
FN:528,(anonymous_17)
FN:535,(anonymous_18)
FN:536,(anonymous_19)
FN:537,(anonymous_20)
FN:546,(anonymous_21)
FN:547,(anonymous_22)
FN:547,(anonymous_23)
FN:550,(anonymous_24)
FN:556,(anonymous_25)
FN:563,(anonymous_26)
FN:607,(anonymous_27)
FN:629,(anonymous_28)
FN:651,(anonymous_29)
FN:660,(anonymous_30)
FN:686,(anonymous_31)
FN:714,(anonymous_32)
FN:734,(anonymous_33)
FN:765,(anonymous_34)
FN:796,(anonymous_35)
FN:814,(anonymous_36)
FN:844,(anonymous_37)
FN:852,(anonymous_38)
FN:857,(anonymous_39)
FN:866,(anonymous_40)
FN:875,(anonymous_41)
FN:884,(anonymous_42)
FN:895,(anonymous_43)
FN:901,(anonymous_44)
FN:907,(anonymous_45)
FN:913,(anonymous_46)
FN:940,(anonymous_47)
FN:943,(anonymous_48)
FN:969,(anonymous_49)
FN:1009,(anonymous_50)
FN:1016,(anonymous_51)
FN:1030,(anonymous_52)
FN:1044,(anonymous_53)
FN:1057,(anonymous_54)
FN:1078,(anonymous_55)
FNF:56
FNH:0
FNDA:0,(anonymous_0)
FNDA:0,(anonymous_1)
FNDA:0,(anonymous_2)
FNDA:0,(anonymous_3)
FNDA:0,(anonymous_4)
FNDA:0,(anonymous_5)
FNDA:0,(anonymous_6)
FNDA:0,(anonymous_7)
FNDA:0,(anonymous_8)
FNDA:0,(anonymous_9)
FNDA:0,(anonymous_10)
FNDA:0,(anonymous_11)
FNDA:0,(anonymous_12)
FNDA:0,(anonymous_13)
FNDA:0,(anonymous_14)
FNDA:0,(anonymous_15)
FNDA:0,(anonymous_16)
FNDA:0,(anonymous_17)
FNDA:0,(anonymous_18)
FNDA:0,(anonymous_19)
FNDA:0,(anonymous_20)
FNDA:0,(anonymous_21)
FNDA:0,(anonymous_22)
FNDA:0,(anonymous_23)
FNDA:0,(anonymous_24)
FNDA:0,(anonymous_25)
FNDA:0,(anonymous_26)
FNDA:0,(anonymous_27)
FNDA:0,(anonymous_28)
FNDA:0,(anonymous_29)
FNDA:0,(anonymous_30)
FNDA:0,(anonymous_31)
FNDA:0,(anonymous_32)
FNDA:0,(anonymous_33)
FNDA:0,(anonymous_34)
FNDA:0,(anonymous_35)
FNDA:0,(anonymous_36)
FNDA:0,(anonymous_37)
FNDA:0,(anonymous_38)
FNDA:0,(anonymous_39)
FNDA:0,(anonymous_40)
FNDA:0,(anonymous_41)
FNDA:0,(anonymous_42)
FNDA:0,(anonymous_43)
FNDA:0,(anonymous_44)
FNDA:0,(anonymous_45)
FNDA:0,(anonymous_46)
FNDA:0,(anonymous_47)
FNDA:0,(anonymous_48)
FNDA:0,(anonymous_49)
FNDA:0,(anonymous_50)
FNDA:0,(anonymous_51)
FNDA:0,(anonymous_52)
FNDA:0,(anonymous_53)
FNDA:0,(anonymous_54)
FNDA:0,(anonymous_55)
DA:67,0
DA:78,0
DA:79,0
DA:82,0
DA:87,0
DA:88,0
DA:89,0
DA:90,0
DA:91,0
DA:92,0
DA:93,0
DA:94,0
DA:95,0
DA:96,0
DA:97,0
DA:98,0
DA:99,0
DA:103,0
DA:104,0
DA:105,0
DA:106,0
DA:107,0
DA:108,0
DA:109,0
DA:110,0
DA:113,0
DA:135,0
DA:149,0
DA:150,0
DA:152,0
DA:155,0
DA:156,0
DA:158,0
DA:162,0
DA:163,0
DA:165,0
DA:166,0
DA:169,0
DA:170,0
DA:171,0
DA:175,0
DA:176,0
DA:177,0
DA:179,0
DA:180,0
DA:181,0
DA:182,0
DA:183,0
DA:184,0
DA:187,0
DA:315,0
DA:323,0
DA:336,0
DA:344,0
DA:356,0
DA:369,0
DA:382,0
DA:397,0
DA:412,0
DA:413,0
DA:414,0
DA:415,0
DA:416,0
DA:417,0
DA:418,0
DA:421,0
DA:428,0
DA:429,0
DA:433,0
DA:434,0
DA:437,0
DA:439,0
DA:441,0
DA:442,0
DA:443,0
DA:447,0
DA:448,0
DA:449,0
DA:450,0
DA:451,0
DA:452,0
DA:457,0
DA:458,0
DA:459,0
DA:463,0
DA:464,0
DA:465,0
DA:468,0
DA:469,0
DA:470,0
DA:472,0
DA:473,0
DA:475,0
DA:478,0
DA:488,0
DA:490,0
DA:492,0
DA:493,0
DA:495,0
DA:497,0
DA:501,0
DA:506,0
DA:508,0
DA:509,0
DA:511,0
DA:512,0
DA:513,0
DA:517,0
DA:518,0
DA:524,0
DA:525,0
DA:526,0
DA:528,0
DA:529,0
DA:534,0
DA:536,0
DA:537,0
DA:538,0
DA:546,0
DA:547,0
DA:550,0
DA:551,0
DA:552,0
DA:556,0
DA:557,0
DA:558,0
DA:563,0
DA:564,0
DA:566,0
DA:567,0
DA:575,0
DA:576,0
DA:579,0
DA:580,0
DA:581,0
DA:587,0
DA:591,0
DA:593,0
DA:595,0
DA:596,0
DA:598,0
DA:601,0
DA:603,0
DA:607,0
DA:608,0
DA:610,0
DA:612,0
DA:613,0
DA:616,0
DA:617,0
DA:618,0
DA:620,0
DA:621,0
DA:622,0
DA:623,0
DA:625,0
DA:629,0
DA:630,0
DA:632,0
DA:634,0
DA:635,0
DA:638,0
DA:639,0
DA:640,0
DA:642,0
DA:643,0
DA:644,0
DA:645,0
DA:647,0
DA:651,0
DA:652,0
DA:653,0
DA:660,0
DA:661,0
DA:663,0
DA:665,0
DA:666,0
DA:672,0
DA:673,0
DA:674,0
DA:675,0
DA:677,0
DA:678,0
DA:679,0
DA:680,0
DA:682,0
DA:686,0
DA:687,0
DA:692,0
DA:694,0
DA:696,0
DA:697,0
DA:701,0
DA:702,0
DA:703,0
DA:705,0
DA:706,0
DA:707,0
DA:708,0
DA:710,0
DA:714,0
DA:715,0
DA:720,0
DA:722,0
DA:724,0
DA:725,0
DA:729,0
DA:730,0
DA:734,0
DA:735,0
DA:736,0
DA:737,0
DA:743,0
DA:747,0
DA:751,0
DA:753,0
DA:754,0
DA:756,0
DA:759,0
DA:761,0
DA:765,0
DA:766,0
DA:771,0
DA:773,0
DA:775,0
DA:776,0
DA:777,0
DA:778,0
DA:779,0
DA:783,0
DA:784,0
DA:785,0
DA:786,0
DA:792,0
DA:796,0
DA:797,0
DA:802,0
DA:804,0
DA:806,0
DA:807,0
DA:809,0
DA:810,0
DA:814,0
DA:815,0
DA:816,0
DA:817,0
DA:823,0
DA:827,0
DA:831,0
DA:832,0
DA:833,0
DA:834,0
DA:840,0
DA:844,0
DA:845,0
DA:852,0
DA:853,0
DA:855,0
DA:856,0
DA:858,0
DA:864,0
DA:865,0
DA:867,0
DA:873,0
DA:874,0
DA:876,0
DA:882,0
DA:883,0
DA:884,0
DA:888,0
DA:891,0
DA:894,0
DA:896,0
DA:900,0
DA:902,0
DA:906,0
DA:908,0
DA:912,0
DA:913,0
DA:919,0
DA:927,0
DA:928,0
DA:935,0
DA:940,0
DA:943,0
DA:969,0
DA:1009,0
DA:1016,0
DA:1031,0
DA:1045,0
DA:1058,0
DA:1078,0
LF:292
LH:0
BRDA:82,0,0,0
BRDA:82,0,1,0
BRDA:82,0,2,0
BRDA:82,0,3,0
BRDA:82,0,4,0
BRDA:87,1,0,0
BRDA:87,1,1,0
BRDA:88,2,0,0
BRDA:88,2,1,0
BRDA:90,3,0,0
BRDA:90,3,1,0
BRDA:93,4,0,0
BRDA:93,4,1,0
BRDA:93,5,0,0
BRDA:93,5,1,0
BRDA:96,6,0,0
BRDA:96,6,1,0
BRDA:96,7,0,0
BRDA:96,7,1,0
BRDA:99,8,0,0
BRDA:99,8,1,0
BRDA:100,9,0,0
BRDA:100,9,1,0
BRDA:105,10,0,0
BRDA:105,10,1,0
BRDA:108,11,0,0
BRDA:108,11,1,0
BRDA:152,12,0,0
BRDA:152,12,1,0
BRDA:152,12,2,0
BRDA:155,13,0,0
BRDA:155,13,1,0
BRDA:156,14,0,0
BRDA:156,14,1,0
BRDA:158,15,0,0
BRDA:158,15,1,0
BRDA:158,15,2,0
BRDA:163,16,0,0
BRDA:163,16,1,0
BRDA:163,17,0,0
BRDA:163,17,1,0
BRDA:170,18,0,0
BRDA:170,18,1,0
BRDA:171,19,0,0
BRDA:171,19,1,0
BRDA:173,20,0,0
BRDA:173,20,1,0
BRDA:175,21,0,0
BRDA:175,21,1,0
BRDA:177,22,0,0
BRDA:177,22,1,0
BRDA:177,23,0,0
BRDA:177,23,1,0
BRDA:179,24,0,0
BRDA:179,24,1,0
BRDA:180,25,0,0
BRDA:180,25,1,0
BRDA:181,26,0,0
BRDA:181,26,1,0
BRDA:182,27,0,0
BRDA:182,27,1,0
BRDA:183,28,0,0
BRDA:183,28,1,0
BRDA:197,29,0,0
BRDA:197,29,1,0
BRDA:235,30,0,0
BRDA:235,30,1,0
BRDA:238,31,0,0
BRDA:238,31,1,0
BRDA:239,32,0,0
BRDA:239,32,1,0
BRDA:240,33,0,0
BRDA:240,33,1,0
BRDA:243,34,0,0
BRDA:243,34,1,0
BRDA:269,35,0,0
BRDA:269,35,1,0
BRDA:283,36,0,0
BRDA:283,36,1,0
BRDA:283,36,2,0
BRDA:294,37,0,0
BRDA:294,37,1,0
BRDA:300,38,0,0
BRDA:300,38,1,0
BRDA:303,39,0,0
BRDA:303,39,1,0
BRDA:312,40,0,0
BRDA:312,40,1,0
BRDA:312,40,2,0
BRDA:320,41,0,0
BRDA:320,41,1,0
BRDA:333,42,0,0
BRDA:333,42,1,0
BRDA:333,42,2,0
BRDA:354,43,0,0
BRDA:354,43,1,0
BRDA:354,43,2,0
BRDA:361,44,0,0
BRDA:361,44,1,0
BRDA:367,45,0,0
BRDA:367,45,1,0
BRDA:367,45,2,0
BRDA:367,45,3,0
BRDA:374,46,0,0
BRDA:374,46,1,0
BRDA:380,47,0,0
BRDA:380,47,1,0
BRDA:380,47,2,0
BRDA:380,47,3,0
BRDA:387,48,0,0
BRDA:387,48,1,0
BRDA:393,49,0,0
BRDA:393,49,1,0
BRDA:393,49,2,0
BRDA:393,49,3,0
BRDA:440,50,0,0
BRDA:441,51,0,0
BRDA:441,51,1,0
BRDA:447,52,0,0
BRDA:447,52,1,0
BRDA:447,53,0,0
BRDA:447,53,1,0
BRDA:449,54,0,0
BRDA:449,54,1,0
BRDA:457,55,0,0
BRDA:457,55,1,0
BRDA:463,56,0,0
BRDA:463,56,1,0
BRDA:475,57,0,0
BRDA:475,57,1,0
BRDA:488,58,0,0
BRDA:488,58,1,0
BRDA:490,59,0,0
BRDA:490,59,1,0
BRDA:492,60,0,0
BRDA:492,60,1,0
BRDA:493,61,0,0
BRDA:493,61,1,0
BRDA:525,62,0,0
BRDA:525,62,1,0
BRDA:538,63,0,0
BRDA:538,63,1,0
BRDA:551,64,0,0
BRDA:551,64,1,0
BRDA:557,65,0,0
BRDA:557,65,1,0
BRDA:579,66,0,0
BRDA:579,66,1,0
BRDA:598,67,0,0
BRDA:598,67,1,0
BRDA:598,67,2,0
BRDA:608,68,0,0
BRDA:608,68,1,0
BRDA:623,69,0,0
BRDA:623,69,1,0
BRDA:630,70,0,0
BRDA:630,70,1,0
BRDA:645,71,0,0
BRDA:645,71,1,0
BRDA:656,72,0,0
BRDA:656,72,1,0
BRDA:661,73,0,0
BRDA:661,73,1,0
BRDA:680,74,0,0
BRDA:680,74,1,0
BRDA:687,75,0,0
BRDA:687,75,1,0
BRDA:708,76,0,0
BRDA:708,76,1,0
BRDA:715,77,0,0
BRDA:715,77,1,0
BRDA:735,78,0,0
BRDA:735,78,1,0
BRDA:756,79,0,0
BRDA:756,79,1,0
BRDA:756,79,2,0
BRDA:766,80,0,0
BRDA:766,80,1,0
BRDA:787,81,0,0
BRDA:787,81,1,0
BRDA:787,81,2,0
BRDA:797,82,0,0
BRDA:797,82,1,0
BRDA:815,83,0,0
BRDA:815,83,1,0
BRDA:835,84,0,0
BRDA:835,84,1,0
BRDA:835,84,2,0
BRDA:853,85,0,0
BRDA:853,85,1,0
BRDA:855,86,0,0
BRDA:855,86,1,0
BRDA:858,87,0,0
BRDA:858,87,1,0
BRDA:858,87,2,0
BRDA:864,88,0,0
BRDA:864,88,1,0
BRDA:867,89,0,0
BRDA:867,89,1,0
BRDA:867,89,2,0
BRDA:873,90,0,0
BRDA:873,90,1,0
BRDA:876,91,0,0
BRDA:876,91,1,0
BRDA:876,91,2,0
BRDA:882,92,0,0
BRDA:882,92,1,0
BRDA:884,93,0,0
BRDA:884,93,1,0
BRDA:896,94,0,0
BRDA:896,94,1,0
BRDA:896,94,2,0
BRDA:902,95,0,0
BRDA:902,95,1,0
BRDA:902,95,2,0
BRDA:908,96,0,0
BRDA:908,96,1,0
BRDA:908,96,2,0
BRDA:913,97,0,0
BRDA:913,97,1,0
BRDA:927,98,0,0
BRDA:927,98,1,0
BRDA:927,99,0,0
BRDA:927,99,1,0
BRDA:945,100,0,0
BRDA:945,100,1,0
BRDA:951,101,0,0
BRDA:951,101,1,0
BRDA:951,101,2,0
BRDA:960,102,0,0
BRDA:960,102,1,0
BRDA:968,103,0,0
BRDA:968,103,1,0
BRDA:1003,104,0,0
BRDA:1003,104,1,0
BRDA:1073,105,0,0
BRDA:1073,105,1,0
BRF:237
BRH:0
end_of_record
TN:
SF:src\components\ResourceCard.tsx
FN:34,(anonymous_0)
FN:51,(anonymous_1)
FN:88,(anonymous_2)
FN:119,(anonymous_3)
FN:150,(anonymous_4)
FN:225,(anonymous_5)
FN:241,(anonymous_6)
FN:259,(anonymous_7)
FNF:8
FNH:0
FNDA:0,(anonymous_0)
FNDA:0,(anonymous_1)
FNDA:0,(anonymous_2)
FNDA:0,(anonymous_3)
FNDA:0,(anonymous_4)
FNDA:0,(anonymous_5)
FNDA:0,(anonymous_6)
FNDA:0,(anonymous_7)
DA:34,0
DA:49,0
DA:51,0
DA:52,0
DA:59,0
DA:89,0
DA:120,0
DA:150,0
DA:225,0
DA:242,0
DA:259,0
LF:11
LH:0
BRDA:39,0,0,0
BRDA:40,1,0,0
BRDA:41,2,0,0
BRDA:46,3,0,0
BRDA:49,4,0,0
BRDA:49,4,1,0
BRDA:63,5,0,0
BRDA:63,5,1,0
BRDA:67,6,0,0
BRDA:67,6,1,0
BRDA:73,7,0,0
BRDA:73,7,1,0
BRDA:76,8,0,0
BRDA:76,8,1,0
BRDA:84,9,0,0
BRDA:84,9,1,0
BRDA:86,10,0,0
BRDA:86,10,1,0
BRDA:117,11,0,0
BRDA:117,11,1,0
BRDA:148,12,0,0
BRDA:148,12,1,0
BRDA:183,13,0,0
BRDA:183,13,1,0
BRDA:189,14,0,0
BRDA:189,14,1,0
BRDA:199,15,0,0
BRDA:199,15,1,0
BRDA:206,16,0,0
BRDA:206,16,1,0
BRDA:209,17,0,0
BRDA:209,17,1,0
BRDA:216,18,0,0
BRDA:216,18,1,0
BRDA:223,19,0,0
BRDA:223,19,1,0
BRDA:223,19,2,0
BRDA:225,20,0,0
BRDA:225,20,1,0
BRDA:228,21,0,0
BRDA:228,21,1,0
BRDA:233,22,0,0
BRDA:233,22,1,0
BRDA:237,23,0,0
BRDA:237,23,1,0
BRDA:239,24,0,0
BRDA:239,24,1,0
BRDA:257,25,0,0
BRDA:257,25,1,0
BRF:49
BRH:0
end_of_record
TN:
SF:src\components\SessionWarning.tsx
FN:8,(anonymous_0)
FNF:1
FNH:1
FNDA:3,(anonymous_0)
DA:8,1
DA:12,3
LF:2
LH:2
BRF:0
BRH:0
end_of_record
TN:
SF:src\config\session.ts
FNF:0
FNH:0
DA:1,1
LF:1
LH:1
BRF:0
BRH:0
end_of_record
TN:
SF:src\context\ResourceContext.tsx
FN:20,(anonymous_0)
FN:25,(anonymous_1)
FN:26,(anonymous_2)
FN:36,(anonymous_3)
FNF:4
FNH:0
FNDA:0,(anonymous_0)
FNDA:0,(anonymous_1)
FNDA:0,(anonymous_2)
FNDA:0,(anonymous_3)
DA:16,0
DA:20,0
DA:23,0
DA:25,0
DA:26,0
DA:29,0
DA:36,0
DA:37,0
DA:38,0
DA:39,0
DA:40,0
LF:11
LH:0
BRDA:38,0,0,0
BRDA:38,0,1,0
BRF:2
BRH:0
end_of_record
TN:
SF:src\hooks\useActionableCount.ts
FN:14,notifyListeners
FN:18,fetchCount
FN:27,(anonymous_2)
FN:50,startPolling
FN:55,(anonymous_4)
FN:58,stopPolling
FN:68,subscribe
FN:71,(anonymous_7)
FN:78,getSnapshot
FN:89,useActionableCount
FN:92,(anonymous_10)
FNF:11
FNH:0
FNDA:0,notifyListeners
FNDA:0,fetchCount
FNDA:0,(anonymous_2)
FNDA:0,startPolling
FNDA:0,(anonymous_4)
FNDA:0,stopPolling
FNDA:0,subscribe
FNDA:0,(anonymous_7)
FNDA:0,getSnapshot
FNDA:0,useActionableCount
FNDA:0,(anonymous_10)
DA:8,0
DA:9,0
DA:11,0
DA:12,0
DA:15,0
DA:19,0
DA:20,0
DA:23,0
DA:24,0
DA:26,0
DA:28,0
DA:33,0
DA:34,0
DA:39,0
DA:40,0
DA:41,0
DA:44,0
DA:45,0
DA:51,0
DA:52,0
DA:53,0
DA:54,0
DA:55,0
DA:59,0
DA:60,0
DA:61,0
DA:63,0
DA:64,0
DA:65,0
DA:69,0
DA:70,0
DA:71,0
DA:72,0
DA:73,0
DA:74,0
DA:79,0
DA:90,0
DA:92,0
DA:93,0
DA:94,0
DA:98,0
LF:41
LH:0
BRDA:23,0,0,0
BRDA:23,0,1,0
BRDA:24,1,0,0
BRDA:24,1,1,0
BRDA:28,2,0,0
BRDA:28,2,1,0
BRDA:28,2,2,0
BRDA:33,3,0,0
BRDA:33,3,1,0
BRDA:39,4,0,0
BRDA:39,4,1,0
BRDA:44,5,0,0
BRDA:44,5,1,0
BRDA:51,6,0,0
BRDA:51,6,1,0
BRDA:51,7,0,0
BRDA:51,7,1,0
BRDA:59,8,0,0
BRDA:59,8,1,0
BRDA:74,9,0,0
BRDA:74,9,1,0
BRDA:93,10,0,0
BRDA:93,10,1,0
BRDA:98,11,0,0
BRDA:98,11,1,0
BRF:25
BRH:0
end_of_record
TN:
SF:src\hooks\useFirebaseAuth.ts
FN:12,useFirebaseAuth
FN:16,(anonymous_1)
FN:30,(anonymous_2)
FN:33,(anonymous_3)
FN:41,(anonymous_4)
FN:49,(anonymous_5)
FN:67,(anonymous_6)
FNF:7
FNH:0
FNDA:0,useFirebaseAuth
FNDA:0,(anonymous_1)
FNDA:0,(anonymous_2)
FNDA:0,(anonymous_3)
FNDA:0,(anonymous_4)
FNDA:0,(anonymous_5)
FNDA:0,(anonymous_6)
DA:13,0
DA:14,0
DA:16,0
DA:17,0
DA:18,0
DA:25,0
DA:30,0
DA:31,0
DA:34,0
DA:36,0
DA:38,0
DA:39,0
DA:42,0
DA:43,0
DA:46,0
DA:49,0
DA:50,0
DA:51,0
DA:52,0
DA:53,0
DA:54,0
DA:55,0
DA:57,0
DA:58,0
DA:59,0
DA:61,0
DA:63,0
DA:67,0
DA:68,0
DA:71,0
LF:30
LH:0
BRDA:34,0,0,0
BRDA:34,0,1,0
BRF:2
BRH:0
end_of_record
TN:
SF:src\hooks\useNotifications.ts
FN:11,useNotifications
FN:14,(anonymous_1)
FN:19,(anonymous_2)
FN:48,(anonymous_3)
FN:64,(anonymous_4)
FNF:5
FNH:0
FNDA:0,useNotifications
FNDA:0,(anonymous_1)
FNDA:0,(anonymous_2)
FNDA:0,(anonymous_3)
FNDA:0,(anonymous_4)
DA:12,0
DA:14,0
DA:15,0
DA:19,0
DA:20,0
DA:22,0
DA:24,0
DA:25,0
DA:27,0
DA:28,0
DA:31,0
DA:32,0
DA:33,0
DA:36,0
DA:40,0
DA:41,0
DA:44,0
DA:45,0
DA:48,0
DA:49,0
DA:50,0
DA:51,0
DA:58,0
DA:62,0
DA:64,0
DA:65,0
LF:26
LH:0
BRDA:15,0,0,0
BRDA:15,0,1,0
BRDA:15,1,0,0
BRDA:15,1,1,0
BRDA:22,2,0,0
BRDA:22,2,1,0
BRDA:25,3,0,0
BRDA:25,3,1,0
BRDA:28,4,0,0
BRDA:28,4,1,0
BRDA:32,5,0,0
BRDA:32,5,1,0
BRDA:41,6,0,0
BRDA:41,6,1,0
BRDA:49,7,0,0
BRDA:49,7,1,0
BRDA:50,8,0,0
BRDA:50,8,1,0
BRDA:52,9,0,0
BRDA:52,9,1,0
BRF:20
BRH:0
end_of_record
TN:
SF:src\hooks\useSessionTimeout.ts
FN:9,useSessionTimeout
FN:15,(anonymous_1)
FN:17,(anonymous_2)
FN:22,(anonymous_3)
FN:35,(anonymous_4)
FN:43,(anonymous_5)
FN:47,(anonymous_6)
FN:57,(anonymous_7)
FN:62,(anonymous_8)
FN:70,(anonymous_9)
FN:71,(anonymous_10)
FNF:11
FNH:0
FNDA:0,useSessionTimeout
FNDA:0,(anonymous_1)
FNDA:0,(anonymous_2)
FNDA:0,(anonymous_3)
FNDA:0,(anonymous_4)
FNDA:0,(anonymous_5)
FNDA:0,(anonymous_6)
FNDA:0,(anonymous_7)
FNDA:0,(anonymous_8)
FNDA:0,(anonymous_9)
FNDA:0,(anonymous_10)
DA:6,0
DA:7,0
DA:10,0
DA:11,0
DA:12,0
DA:13,0
DA:15,0
DA:16,0
DA:17,0
DA:18,0
DA:22,0
DA:23,0
DA:24,0
DA:27,0
DA:28,0
DA:30,0
DA:31,0
DA:35,0
DA:36,0
DA:40,0
DA:43,0
DA:44,0
DA:47,0
DA:49,0
DA:50,0
DA:54,0
DA:57,0
DA:58,0
DA:62,0
DA:63,0
DA:67,0
DA:70,0
DA:71,0
DA:72,0
DA:74,0
DA:75,0
DA:77,0
DA:78,0
DA:80,0
DA:84,0
LF:40
LH:0
BRDA:27,0,0,0
BRDA:27,0,1,0
BRDA:30,1,0,0
BRDA:30,1,1,0
BRDA:49,2,0,0
BRDA:49,2,1,0
BRDA:74,3,0,0
BRDA:74,3,1,0
BRDA:77,4,0,0
BRDA:77,4,1,0
BRF:10
BRH:0
end_of_record
TN:
SF:src\pages\GroupDetail.tsx
FN:66,GroupDetail
FN:90,(anonymous_1)
FN:97,(anonymous_2)
FN:124,(anonymous_3)
FN:130,(anonymous_4)
FN:162,(anonymous_5)
FN:190,(anonymous_6)
FN:230,(anonymous_7)
FN:263,(anonymous_8)
FN:264,(anonymous_9)
FN:276,(anonymous_10)
FN:304,(anonymous_11)
FN:336,(anonymous_12)
FN:390,(anonymous_13)
FN:396,(anonymous_14)
FN:405,(anonymous_15)
FN:435,(anonymous_16)
FN:439,(anonymous_17)
FN:493,(anonymous_18)
FN:547,(anonymous_19)
FN:557,(anonymous_20)
FN:567,(anonymous_21)
FN:600,(anonymous_22)
FN:611,(anonymous_23)
FN:629,(anonymous_24)
FN:631,(anonymous_25)
FN:653,(anonymous_26)
FN:683,(anonymous_27)
FN:707,(anonymous_28)
FN:734,(anonymous_29)
FN:756,(anonymous_30)
FN:771,(anonymous_31)
FN:798,(anonymous_32)
FN:811,(anonymous_33)
FN:872,(anonymous_34)
FN:873,(anonymous_35)
FN:882,(anonymous_36)
FN:897,(anonymous_37)
FN:901,(anonymous_38)
FNF:39
FNH:0
FNDA:0,GroupDetail
FNDA:0,(anonymous_1)
FNDA:0,(anonymous_2)
FNDA:0,(anonymous_3)
FNDA:0,(anonymous_4)
FNDA:0,(anonymous_5)
FNDA:0,(anonymous_6)
FNDA:0,(anonymous_7)
FNDA:0,(anonymous_8)
FNDA:0,(anonymous_9)
FNDA:0,(anonymous_10)
FNDA:0,(anonymous_11)
FNDA:0,(anonymous_12)
FNDA:0,(anonymous_13)
FNDA:0,(anonymous_14)
FNDA:0,(anonymous_15)
FNDA:0,(anonymous_16)
FNDA:0,(anonymous_17)
FNDA:0,(anonymous_18)
FNDA:0,(anonymous_19)
FNDA:0,(anonymous_20)
FNDA:0,(anonymous_21)
FNDA:0,(anonymous_22)
FNDA:0,(anonymous_23)
FNDA:0,(anonymous_24)
FNDA:0,(anonymous_25)
FNDA:0,(anonymous_26)
FNDA:0,(anonymous_27)
FNDA:0,(anonymous_28)
FNDA:0,(anonymous_29)
FNDA:0,(anonymous_30)
FNDA:0,(anonymous_31)
FNDA:0,(anonymous_32)
FNDA:0,(anonymous_33)
FNDA:0,(anonymous_34)
FNDA:0,(anonymous_35)
FNDA:0,(anonymous_36)
FNDA:0,(anonymous_37)
FNDA:0,(anonymous_38)
DA:67,0
DA:68,0
DA:69,0
DA:71,0
DA:72,0
DA:73,0
DA:74,0
DA:75,0
DA:76,0
DA:77,0
DA:78,0
DA:79,0
DA:80,0
DA:81,0
DA:85,0
DA:88,0
DA:90,0
DA:91,0
DA:92,0
DA:93,0
DA:97,0
DA:98,0
DA:99,0
DA:100,0
DA:103,0
DA:104,0
DA:105,0
DA:107,0
DA:108,0
DA:109,0
DA:110,0
DA:111,0
DA:112,0
DA:114,0
DA:117,0
DA:120,0
DA:124,0
DA:125,0
DA:126,0
DA:130,0
DA:131,0
DA:132,0
DA:134,0
DA:135,0
DA:136,0
DA:141,0
DA:142,0
DA:143,0
DA:144,0
DA:145,0
DA:148,0
DA:149,0
DA:150,0
DA:151,0
DA:156,0
DA:158,0
DA:162,0
DA:163,0
DA:166,0
DA:169,0
DA:170,0
DA:177,0
DA:178,0
DA:180,0
DA:181,0
DA:182,0
DA:183,0
DA:185,0
DA:190,0
DA:191,0
DA:197,0
DA:200,0
DA:202,0
DA:203,0
DA:204,0
DA:210,0
DA:211,0
DA:212,0
DA:214,0
DA:218,0
DA:219,0
DA:221,0
DA:222,0
DA:224,0
DA:230,0
DA:236,0
DA:237,0
DA:238,0
DA:239,0
DA:240,0
DA:241,0
DA:245,0
DA:246,0
DA:247,0
DA:248,0
DA:254,0
DA:257,0
DA:258,0
DA:263,0
DA:264,0
DA:265,0
DA:266,0
DA:270,0
DA:272,0
DA:276,0
DA:281,0
DA:282,0
DA:290,0
DA:291,0
DA:292,0
DA:295,0
DA:296,0
DA:297,0
DA:298,0
DA:300,0
DA:304,0
DA:305,0
DA:307,0
DA:312,0
DA:315,0
DA:316,0
DA:320,0
DA:321,0
DA:323,0
DA:324,0
DA:325,0
DA:327,0
DA:336,0
DA:338,0
DA:340,0
DA:348,0
DA:390,0
DA:396,0
DA:405,0
DA:420,0
DA:421,0
DA:436,0
DA:437,0
DA:439,0
DA:446,0
DA:447,0
DA:468,0
DA:469,0
DA:493,0
DA:494,0
DA:495,0
DA:497,0
DA:547,0
DA:557,0
DA:567,0
DA:600,0
DA:611,0
DA:630,0
DA:632,0
DA:640,0
DA:644,0
DA:653,0
DA:672,0
DA:673,0
DA:683,0
DA:707,0
DA:734,0
DA:757,0
DA:758,0
DA:771,0
DA:799,0
DA:812,0
DA:872,0
DA:874,0
DA:875,0
DA:883,0
DA:884,0
DA:898,0
DA:899,0
DA:901,0
LF:175
LH:0
BRDA:91,0,0,0
BRDA:91,0,1,0
BRDA:91,1,0,0
BRDA:91,1,1,0
BRDA:108,2,0,0
BRDA:108,2,1,0
BRDA:109,3,0,0
BRDA:109,3,1,0
BRDA:111,4,0,0
BRDA:111,4,1,0
BRDA:125,5,0,0
BRDA:125,5,1,0
BRDA:125,6,0,0
BRDA:125,6,1,0
BRDA:132,7,0,0
BRDA:132,7,1,0
BRDA:132,8,0,0
BRDA:132,8,1,0
BRDA:132,8,2,0
BRDA:141,9,0,0
BRDA:141,9,1,0
BRDA:150,10,0,0
BRDA:150,10,1,0
BRDA:152,11,0,0
BRDA:152,11,1,0
BRDA:152,11,2,0
BRDA:163,12,0,0
BRDA:163,12,1,0
BRDA:182,13,0,0
BRDA:182,13,1,0
BRDA:183,14,0,0
BRDA:183,14,1,0
BRDA:197,15,0,0
BRDA:197,15,1,0
BRDA:218,16,0,0
BRDA:218,16,1,0
BRDA:221,17,0,0
BRDA:221,17,1,0
BRDA:237,18,0,0
BRDA:237,18,1,0
BRDA:239,19,0,0
BRDA:239,19,1,0
BRDA:265,20,0,0
BRDA:265,20,1,0
BRDA:290,21,0,0
BRDA:290,21,1,0
BRDA:297,22,0,0
BRDA:297,22,1,0
BRDA:298,23,0,0
BRDA:298,23,1,0
BRDA:305,24,0,0
BRDA:305,24,1,0
BRDA:305,25,0,0
BRDA:305,25,1,0
BRDA:307,26,0,0
BRDA:307,26,1,0
BRDA:324,27,0,0
BRDA:324,27,1,0
BRDA:324,28,0,0
BRDA:324,28,1,0
BRDA:357,29,0,0
BRDA:357,29,1,0
BRDA:359,30,0,0
BRDA:359,30,1,0
BRDA:365,31,0,0
BRDA:365,31,1,0
BRDA:370,32,0,0
BRDA:370,32,1,0
BRDA:383,33,0,0
BRDA:383,33,1,0
BRDA:387,34,0,0
BRDA:387,34,1,0
BRDA:407,35,0,0
BRDA:407,35,1,0
BRDA:412,36,0,0
BRDA:412,36,1,0
BRDA:420,37,0,0
BRDA:420,37,1,0
BRDA:420,38,0,0
BRDA:420,38,1,0
BRDA:430,39,0,0
BRDA:430,39,1,0
BRDA:430,39,2,0
BRDA:446,40,0,0
BRDA:446,40,1,0
BRDA:468,41,0,0
BRDA:468,41,1,0
BRDA:493,42,0,0
BRDA:493,42,1,0
BRDA:517,43,0,0
BRDA:517,43,1,0
BRDA:549,44,0,0
BRDA:549,44,1,0
BRDA:559,45,0,0
BRDA:559,45,1,0
BRDA:569,46,0,0
BRDA:569,46,1,0
BRDA:580,47,0,0
BRDA:580,47,1,0
BRDA:590,48,0,0
BRDA:590,48,1,0
BRDA:607,49,0,0
BRDA:607,49,1,0
BRDA:607,49,2,0
BRDA:632,50,0,0
BRDA:632,50,1,0
BRDA:640,51,0,0
BRDA:640,51,1,0
BRDA:641,52,0,0
BRDA:641,52,1,0
BRDA:650,53,0,0
BRDA:650,53,1,0
BRDA:672,54,0,0
BRDA:672,54,1,0
BRDA:672,55,0,0
BRDA:672,55,1,0
BRDA:695,56,0,0
BRDA:695,56,1,0
BRDA:705,57,0,0
BRDA:705,57,1,0
BRDA:705,57,2,0
BRDA:716,58,0,0
BRDA:716,58,1,0
BRDA:745,59,0,0
BRDA:745,59,1,0
BRDA:778,60,0,0
BRDA:778,60,1,0
BRDA:784,61,0,0
BRDA:784,61,1,0
BRDA:792,62,0,0
BRDA:792,62,1,0
BRDA:792,62,2,0
BRDA:792,62,3,0
BRDA:802,63,0,0
BRDA:802,63,1,0
BRDA:814,64,0,0
BRDA:814,64,1,0
BRDA:828,65,0,0
BRDA:828,65,1,0
BRDA:842,66,0,0
BRDA:842,66,1,0
BRDA:867,67,0,0
BRDA:867,67,1,0
BRDA:867,67,2,0
BRDA:867,67,3,0
BRDA:879,68,0,0
BRDA:879,68,1,0
BRDA:879,68,2,0
BRDA:879,68,3,0
BRDA:892,69,0,0
BRDA:892,69,1,0
BRDA:892,69,2,0
BRF:152
BRH:0
end_of_record
TN:
SF:src\pages\Groups.tsx
FN:24,Groups
FN:37,(anonymous_1)
FN:42,(anonymous_2)
FN:43,(anonymous_3)
FN:51,(anonymous_4)
FN:85,(anonymous_5)
FN:93,(anonymous_6)
FN:122,(anonymous_7)
FN:145,(anonymous_8)
FN:177,(anonymous_9)
FN:226,(anonymous_10)
FN:251,(anonymous_11)
FN:265,(anonymous_12)
FN:299,(anonymous_13)
FN:340,(anonymous_14)
FN:363,(anonymous_15)
FN:371,(anonymous_16)
FN:380,(anonymous_17)
FN:410,(anonymous_18)
FN:426,(anonymous_19)
FN:496,(anonymous_20)
FN:531,(anonymous_21)
FN:533,(anonymous_22)
FN:537,(anonymous_23)
FN:578,(anonymous_24)
FNF:25
FNH:0
FNDA:0,Groups
FNDA:0,(anonymous_1)
FNDA:0,(anonymous_2)
FNDA:0,(anonymous_3)
FNDA:0,(anonymous_4)
FNDA:0,(anonymous_5)
FNDA:0,(anonymous_6)
FNDA:0,(anonymous_7)
FNDA:0,(anonymous_8)
FNDA:0,(anonymous_9)
FNDA:0,(anonymous_10)
FNDA:0,(anonymous_11)
FNDA:0,(anonymous_12)
FNDA:0,(anonymous_13)
FNDA:0,(anonymous_14)
FNDA:0,(anonymous_15)
FNDA:0,(anonymous_16)
FNDA:0,(anonymous_17)
FNDA:0,(anonymous_18)
FNDA:0,(anonymous_19)
FNDA:0,(anonymous_20)
FNDA:0,(anonymous_21)
FNDA:0,(anonymous_22)
FNDA:0,(anonymous_23)
FNDA:0,(anonymous_24)
DA:25,0
DA:26,0
DA:27,0
DA:28,0
DA:29,0
DA:30,0
DA:31,0
DA:32,0
DA:34,0
DA:35,0
DA:37,0
DA:38,0
DA:39,0
DA:42,0
DA:43,0
DA:44,0
DA:45,0
DA:46,0
DA:47,0
DA:50,0
DA:52,0
DA:53,0
DA:56,0
DA:62,0
DA:66,0
DA:71,0
DA:73,0
DA:74,0
DA:76,0
DA:80,0
DA:81,0
DA:85,0
DA:86,0
DA:87,0
DA:88,0
DA:89,0
DA:92,0
DA:94,0
DA:95,0
DA:98,0
DA:104,0
DA:108,0
DA:113,0
DA:115,0
DA:116,0
DA:118,0
DA:122,0
DA:123,0
DA:124,0
DA:126,0
DA:127,0
DA:128,0
DA:133,0
DA:134,0
DA:135,0
DA:136,0
DA:138,0
DA:139,0
DA:141,0
DA:145,0
DA:146,0
DA:147,0
DA:149,0
DA:150,0
DA:151,0
DA:159,0
DA:160,0
DA:164,0
DA:166,0
DA:168,0
DA:170,0
DA:171,0
DA:173,0
DA:177,0
DA:178,0
DA:180,0
DA:181,0
DA:182,0
DA:183,0
DA:185,0
DA:186,0
DA:190,0
DA:191,0
DA:201,0
DA:203,0
DA:226,0
DA:251,0
DA:265,0
DA:301,0
DA:302,0
DA:304,0
DA:340,0
DA:363,0
DA:371,0
DA:380,0
DA:411,0
DA:412,0
DA:413,0
DA:427,0
DA:428,0
DA:496,0
DA:531,0
DA:533,0
DA:537,0
DA:579,0
DA:580,0
LF:106
LH:0
BRDA:38,0,0,0
BRDA:38,0,1,0
BRDA:38,1,0,0
BRDA:38,1,1,0
BRDA:47,2,0,0
BRDA:47,2,1,0
BRDA:80,3,0,0
BRDA:80,3,1,0
BRDA:89,4,0,0
BRDA:89,4,1,0
BRDA:124,5,0,0
BRDA:124,5,1,0
BRDA:147,6,0,0
BRDA:147,6,1,0
BRDA:147,7,0,0
BRDA:147,7,1,0
BRDA:164,8,0,0
BRDA:164,8,1,0
BRDA:178,9,0,0
BRDA:178,9,1,0
BRDA:190,10,0,0
BRDA:190,10,1,0
BRDA:190,11,0,0
BRDA:190,11,1,0
BRDA:201,12,0,0
BRDA:201,12,1,0
BRDA:236,13,0,0
BRDA:236,13,1,0
BRDA:261,14,0,0
BRDA:261,14,1,0
BRDA:276,15,0,0
BRDA:276,15,1,0
BRDA:302,16,0,0
BRDA:302,16,1,0
BRDA:330,17,0,0
BRDA:330,17,1,0
BRDA:347,18,0,0
BRDA:347,18,1,0
BRDA:348,19,0,0
BRDA:348,19,1,0
BRDA:352,20,0,0
BRDA:352,20,1,0
BRDA:378,21,0,0
BRDA:378,21,1,0
BRDA:398,22,0,0
BRDA:398,22,1,0
BRDA:512,23,0,0
BRDA:512,23,1,0
BRDA:512,23,2,0
BRDA:549,24,0,0
BRDA:549,24,1,0
BRDA:569,25,0,0
BRDA:569,25,1,0
BRDA:570,26,0,0
BRDA:570,26,1,0
BRDA:574,27,0,0
BRDA:574,27,1,0
BRF:57
BRH:0
end_of_record
TN:
SF:src\pages\Home.tsx
FN:9,Home
FN:22,(anonymous_1)
FN:28,(anonymous_2)
FN:29,(anonymous_3)
FN:34,(anonymous_4)
FN:35,(anonymous_5)
FN:39,(anonymous_6)
FN:39,(anonymous_7)
FN:42,(anonymous_8)
FN:46,(anonymous_9)
FN:46,(anonymous_10)
FN:52,(anonymous_11)
FN:58,(anonymous_12)
FN:59,(anonymous_13)
FN:105,(anonymous_14)
FN:167,(anonymous_15)
FN:191,(anonymous_16)
FN:206,(anonymous_17)
FN:210,(anonymous_18)
FNF:19
FNH:0
FNDA:0,Home
FNDA:0,(anonymous_1)
FNDA:0,(anonymous_2)
FNDA:0,(anonymous_3)
FNDA:0,(anonymous_4)
FNDA:0,(anonymous_5)
FNDA:0,(anonymous_6)
FNDA:0,(anonymous_7)
FNDA:0,(anonymous_8)
FNDA:0,(anonymous_9)
FNDA:0,(anonymous_10)
FNDA:0,(anonymous_11)
FNDA:0,(anonymous_12)
FNDA:0,(anonymous_13)
FNDA:0,(anonymous_14)
FNDA:0,(anonymous_15)
FNDA:0,(anonymous_16)
FNDA:0,(anonymous_17)
FNDA:0,(anonymous_18)
DA:10,0
DA:11,0
DA:12,0
DA:13,0
DA:14,0
DA:15,0
DA:16,0
DA:17,0
DA:22,0
DA:23,0
DA:25,0
DA:26,0
DA:28,0
DA:29,0
DA:34,0
DA:35,0
DA:36,0
DA:37,0
DA:38,0
DA:39,0
DA:42,0
DA:43,0
DA:44,0
DA:45,0
DA:46,0
DA:49,0
DA:50,0
DA:52,0
DA:53,0
DA:54,0
DA:58,0
DA:59,0
DA:61,0
DA:62,0
DA:63,0
DA:64,0
DA:66,0
DA:70,0
DA:71,0
DA:81,0
DA:82,0
DA:97,0
DA:105,0
DA:167,0
DA:192,0
DA:193,0
DA:207,0
DA:208,0
DA:212,0
DA:213,0
DA:214,0
DA:215,0
DA:218,0
DA:220,0
DA:222,0
LF:55
LH:0
BRDA:23,0,0,0
BRDA:23,0,1,0
BRDA:28,1,0,0
BRDA:28,1,1,0
BRDA:38,2,0,0
BRDA:38,2,1,0
BRDA:45,3,0,0
BRDA:45,3,1,0
BRDA:46,4,0,0
BRDA:46,4,1,0
BRDA:61,5,0,0
BRDA:61,5,1,0
BRDA:70,6,0,0
BRDA:70,6,1,0
BRDA:81,7,0,0
BRDA:81,7,1,0
BRDA:100,8,0,0
BRDA:100,8,1,0
BRDA:136,9,0,0
BRDA:136,9,1,0
BRDA:139,10,0,0
BRDA:139,10,1,0
BRDA:145,11,0,0
BRDA:145,11,1,0
BRDA:150,12,0,0
BRDA:150,12,1,0
BRDA:188,13,0,0
BRDA:188,13,1,0
BRDA:188,13,2,0
BRDA:201,14,0,0
BRDA:201,14,1,0
BRDA:201,14,2,0
BRDA:212,15,0,0
BRDA:212,15,1,0
BRDA:218,16,0,0
BRDA:218,16,1,0
BRF:36
BRH:0
end_of_record
TN:
SF:src\pages\Landing.tsx
FN:3,Landing
FNF:1
FNH:1
FNDA:4,Landing
DA:4,4
DA:6,4
LF:2
LH:2
BRF:0
BRH:0
end_of_record
TN:
SF:src\pages\Login.tsx
FN:5,(anonymous_0)
FN:18,(anonymous_1)
FN:146,(anonymous_2)
FN:167,(anonymous_3)
FN:175,(anonymous_4)
FN:175,(anonymous_5)
FNF:6
FNH:0
FNDA:0,(anonymous_0)
FNDA:0,(anonymous_1)
FNDA:0,(anonymous_2)
FNDA:0,(anonymous_3)
FNDA:0,(anonymous_4)
FNDA:0,(anonymous_5)
DA:5,0
DA:6,0
DA:7,0
DA:8,0
DA:9,0
DA:10,0
DA:13,0
DA:14,0
DA:15,0
DA:18,0
DA:19,0
DA:21,0
DA:25,0
DA:26,0
DA:36,0
DA:146,0
DA:167,0
DA:175,0
LF:18
LH:0
BRDA:13,0,0,0
BRDA:13,0,1,0
BRDA:25,1,0,0
BRDA:25,1,1,0
BRDA:164,2,0,0
BRDA:164,2,1,0
BRDA:178,3,0,0
BRDA:178,3,1,0
BRDA:181,4,0,0
BRDA:181,4,1,0
BRF:10
BRH:0
end_of_record
TN:
SF:src\pages\MyGear.tsx
FN:9,MyGear
FN:18,(anonymous_1)
FN:25,(anonymous_2)
FN:30,(anonymous_3)
FN:31,(anonymous_4)
FN:36,(anonymous_5)
FN:37,(anonymous_6)
FN:39,(anonymous_7)
FN:40,(anonymous_8)
FN:44,(anonymous_9)
FN:46,(anonymous_10)
FN:46,(anonymous_11)
FN:52,(anonymous_12)
FN:58,(anonymous_13)
FN:64,(anonymous_14)
FN:64,(anonymous_15)
FN:69,(anonymous_16)
FN:78,(anonymous_17)
FN:82,(anonymous_18)
FN:94,(anonymous_19)
FN:95,(anonymous_20)
FN:103,(anonymous_21)
FN:107,(anonymous_22)
FN:111,(anonymous_23)
FN:166,(anonymous_24)
FN:174,(anonymous_25)
FN:210,(anonymous_26)
FN:229,(anonymous_27)
FN:233,(anonymous_28)
FNF:29
FNH:0
FNDA:0,MyGear
FNDA:0,(anonymous_1)
FNDA:0,(anonymous_2)
FNDA:0,(anonymous_3)
FNDA:0,(anonymous_4)
FNDA:0,(anonymous_5)
FNDA:0,(anonymous_6)
FNDA:0,(anonymous_7)
FNDA:0,(anonymous_8)
FNDA:0,(anonymous_9)
FNDA:0,(anonymous_10)
FNDA:0,(anonymous_11)
FNDA:0,(anonymous_12)
FNDA:0,(anonymous_13)
FNDA:0,(anonymous_14)
FNDA:0,(anonymous_15)
FNDA:0,(anonymous_16)
FNDA:0,(anonymous_17)
FNDA:0,(anonymous_18)
FNDA:0,(anonymous_19)
FNDA:0,(anonymous_20)
FNDA:0,(anonymous_21)
FNDA:0,(anonymous_22)
FNDA:0,(anonymous_23)
FNDA:0,(anonymous_24)
FNDA:0,(anonymous_25)
FNDA:0,(anonymous_26)
FNDA:0,(anonymous_27)
FNDA:0,(anonymous_28)
DA:10,0
DA:11,0
DA:12,0
DA:13,0
DA:14,0
DA:15,0
DA:16,0
DA:18,0
DA:19,0
DA:20,0
DA:25,0
DA:26,0
DA:27,0
DA:28,0
DA:30,0
DA:31,0
DA:36,0
DA:37,0
DA:38,0
DA:39,0
DA:40,0
DA:44,0
DA:45,0
DA:46,0
DA:49,0
DA:50,0
DA:52,0
DA:53,0
DA:54,0
DA:58,0
DA:59,0
DA:60,0
DA:61,0
DA:64,0
DA:65,0
DA:68,0
DA:69,0
DA:71,0
DA:72,0
DA:76,0
DA:77,0
DA:78,0
DA:82,0
DA:83,0
DA:84,0
DA:85,0
DA:86,0
DA:88,0
DA:89,0
DA:94,0
DA:95,0
DA:97,0
DA:102,0
DA:103,0
DA:105,0
DA:106,0
DA:107,0
DA:111,0
DA:117,0
DA:118,0
DA:121,0
DA:122,0
DA:129,0
DA:131,0
DA:166,0
DA:174,0
DA:210,0
DA:230,0
DA:231,0
DA:235,0
DA:236,0
DA:237,0
DA:238,0
DA:241,0
DA:243,0
DA:245,0
LF:76
LH:0
BRDA:19,0,0,0
BRDA:19,0,1,0
BRDA:19,1,0,0
BRDA:19,1,1,0
BRDA:26,2,0,0
BRDA:26,2,1,0
BRDA:30,3,0,0
BRDA:30,3,1,0
BRDA:40,4,0,0
BRDA:40,4,1,0
BRDA:59,5,0,0
BRDA:59,5,1,0
BRDA:76,6,0,0
BRDA:76,6,1,0
BRDA:84,7,0,0
BRDA:84,7,1,0
BRDA:84,8,0,0
BRDA:84,8,1,0
BRDA:86,9,0,0
BRDA:86,9,1,0
BRDA:86,10,0,0
BRDA:86,10,1,0
BRDA:95,11,0,0
BRDA:95,11,1,0
BRDA:121,12,0,0
BRDA:121,12,1,0
BRDA:129,13,0,0
BRDA:129,13,1,0
BRDA:143,14,0,0
BRDA:143,14,1,0
BRDA:182,15,0,0
BRDA:182,15,1,0
BRDA:186,16,0,0
BRDA:186,16,1,0
BRDA:224,17,0,0
BRDA:224,17,1,0
BRDA:224,17,2,0
BRDA:224,17,3,0
BRDA:235,18,0,0
BRDA:235,18,1,0
BRDA:241,19,0,0
BRDA:241,19,1,0
BRF:42
BRH:0
end_of_record
TN:
SF:src\pages\PostResource.tsx
FN:12,PostResource
FN:25,(anonymous_1)
FN:31,(anonymous_2)
FN:32,(anonymous_3)
FN:44,(anonymous_4)
FN:59,(anonymous_5)
FN:60,(anonymous_6)
FN:67,(anonymous_7)
FN:82,(anonymous_8)
FN:90,(anonymous_9)
FN:99,(anonymous_10)
FN:139,(anonymous_11)
FN:156,(anonymous_12)
FN:193,(anonymous_13)
FN:270,(anonymous_14)
FN:361,(anonymous_15)
FN:417,(anonymous_16)
FN:450,(anonymous_17)
FN:451,(anonymous_18)
FN:459,(anonymous_19)
FN:468,(anonymous_20)
FN:476,(anonymous_21)
FNF:22
FNH:0
FNDA:0,PostResource
FNDA:0,(anonymous_1)
FNDA:0,(anonymous_2)
FNDA:0,(anonymous_3)
FNDA:0,(anonymous_4)
FNDA:0,(anonymous_5)
FNDA:0,(anonymous_6)
FNDA:0,(anonymous_7)
FNDA:0,(anonymous_8)
FNDA:0,(anonymous_9)
FNDA:0,(anonymous_10)
FNDA:0,(anonymous_11)
FNDA:0,(anonymous_12)
FNDA:0,(anonymous_13)
FNDA:0,(anonymous_14)
FNDA:0,(anonymous_15)
FNDA:0,(anonymous_16)
FNDA:0,(anonymous_17)
FNDA:0,(anonymous_18)
FNDA:0,(anonymous_19)
FNDA:0,(anonymous_20)
FNDA:0,(anonymous_21)
DA:9,0
DA:10,0
DA:13,0
DA:14,0
DA:15,0
DA:16,0
DA:17,0
DA:18,0
DA:19,0
DA:20,0
DA:21,0
DA:22,0
DA:23,0
DA:25,0
DA:26,0
DA:27,0
DA:31,0
DA:32,0
DA:33,0
DA:35,0
DA:36,0
DA:37,0
DA:38,0
DA:39,0
DA:40,0
DA:43,0
DA:44,0
DA:46,0
DA:48,0
DA:49,0
DA:51,0
DA:55,0
DA:59,0
DA:60,0
DA:61,0
DA:62,0
DA:67,0
DA:68,0
DA:70,0
DA:72,0
DA:73,0
DA:74,0
DA:77,0
DA:80,0
DA:81,0
DA:82,0
DA:83,0
DA:85,0
DA:86,0
DA:90,0
DA:93,0
DA:94,0
DA:95,0
DA:99,0
DA:100,0
DA:101,0
DA:102,0
DA:103,0
DA:107,0
DA:108,0
DA:111,0
DA:114,0
DA:116,0
DA:117,0
DA:120,0
DA:127,0
DA:132,0
DA:135,0
DA:136,0
DA:137,0
DA:138,0
DA:140,0
DA:146,0
DA:152,0
DA:153,0
DA:154,0
DA:155,0
DA:156,0
DA:159,0
DA:160,0
DA:163,0
DA:165,0
DA:166,0
DA:168,0
DA:172,0
DA:173,0
DA:193,0
DA:204,0
DA:205,0
DA:270,0
DA:362,0
DA:363,0
DA:417,0
DA:451,0
DA:459,0
DA:468,0
DA:477,0
DA:478,0
DA:479,0
DA:481,0
DA:483,0
LF:101
LH:0
BRDA:26,0,0,0
BRDA:26,0,1,0
BRDA:26,1,0,0
BRDA:26,1,1,0
BRDA:33,2,0,0
BRDA:33,2,1,0
BRDA:39,3,0,0
BRDA:39,3,1,0
BRDA:61,4,0,0
BRDA:61,4,1,0
BRDA:68,5,0,0
BRDA:68,5,1,0
BRDA:70,6,0,0
BRDA:70,6,1,0
BRDA:73,7,0,0
BRDA:73,7,1,0
BRDA:94,8,0,0
BRDA:94,8,1,0
BRDA:101,9,0,0
BRDA:101,9,1,0
BRDA:107,10,0,0
BRDA:107,10,1,0
BRDA:135,11,0,0
BRDA:135,11,1,0
BRDA:172,12,0,0
BRDA:172,12,1,0
BRDA:204,13,0,0
BRDA:204,13,1,0
BRDA:306,14,0,0
BRDA:306,14,1,0
BRDA:325,15,0,0
BRDA:325,15,1,0
BRDA:397,16,0,0
BRDA:397,16,1,0
BRDA:404,17,0,0
BRDA:404,17,1,0
BRDA:413,18,0,0
BRDA:413,18,1,0
BRDA:431,19,0,0
BRDA:431,19,1,0
BRDA:478,20,0,0
BRDA:478,20,1,0
BRDA:494,21,0,0
BRDA:494,21,1,0
BRDA:505,22,0,0
BRDA:505,22,1,0
BRDA:539,23,0,0
BRDA:539,23,1,0
BRF:48
BRH:0
end_of_record
TN:
SF:src\pages\Profile.tsx
FN:7,Profile
FN:14,(anonymous_1)
FN:21,(anonymous_2)
FN:25,(anonymous_3)
FN:29,(anonymous_4)
FN:34,(anonymous_5)
FN:38,(anonymous_6)
FN:39,(anonymous_7)
FN:42,(anonymous_8)
FNF:9
FNH:0
FNDA:0,Profile
FNDA:0,(anonymous_1)
FNDA:0,(anonymous_2)
FNDA:0,(anonymous_3)
FNDA:0,(anonymous_4)
FNDA:0,(anonymous_5)
FNDA:0,(anonymous_6)
FNDA:0,(anonymous_7)
FNDA:0,(anonymous_8)
DA:8,0
DA:9,0
DA:10,0
DA:11,0
DA:12,0
DA:14,0
DA:15,0
DA:16,0
DA:21,0
DA:22,0
DA:23,0
DA:26,0
DA:27,0
DA:30,0
DA:34,0
DA:36,0
DA:38,0
DA:39,0
DA:42,0
DA:43,0
DA:44,0
DA:47,0
DA:48,0
DA:50,0
DA:57,0
LF:25
LH:0
BRDA:15,0,0,0
BRDA:15,0,1,0
BRDA:15,1,0,0
BRDA:15,1,1,0
BRDA:22,2,0,0
BRDA:22,2,1,0
BRDA:30,3,0,0
BRDA:30,3,1,0
BRDA:47,4,0,0
BRDA:47,4,1,0
BRDA:48,5,0,0
BRDA:48,5,1,0
BRDA:50,6,0,0
BRDA:50,6,1,0
BRDA:64,7,0,0
BRDA:64,7,1,0
BRDA:67,8,0,0
BRDA:67,8,1,0
BRDA:73,9,0,0
BRDA:73,9,1,0
BRDA:73,9,2,0
BRDA:79,10,0,0
BRDA:79,10,1,0
BRDA:82,11,0,0
BRDA:82,11,1,0
BRDA:156,12,0,0
BRDA:156,12,1,0
BRDA:158,13,0,0
BRDA:158,13,1,0
BRF:29
BRH:0
end_of_record
TN:
SF:src\pages\Profile_backup.tsx
FN:23,Profile
FN:37,(anonymous_1)
FN:43,(anonymous_2)
FN:52,(anonymous_3)
FN:137,(anonymous_4)
FN:140,(anonymous_5)
FN:161,(anonymous_6)
FN:162,(anonymous_7)
FN:165,(anonymous_8)
FN:273,(anonymous_9)
FN:277,(anonymous_10)
FN:277,(anonymous_11)
FN:281,(anonymous_12)
FN:293,(anonymous_13)
FN:294,(anonymous_14)
FN:351,(anonymous_15)
FN:361,(anonymous_16)
FN:371,(anonymous_17)
FN:393,(anonymous_18)
FN:403,(anonymous_19)
FN:413,(anonymous_20)
FN:445,(anonymous_21)
FN:453,(anonymous_22)
FN:485,(anonymous_23)
FN:494,(anonymous_24)
FN:550,(anonymous_25)
FNF:26
FNH:0
FNDA:0,Profile
FNDA:0,(anonymous_1)
FNDA:0,(anonymous_2)
FNDA:0,(anonymous_3)
FNDA:0,(anonymous_4)
FNDA:0,(anonymous_5)
FNDA:0,(anonymous_6)
FNDA:0,(anonymous_7)
FNDA:0,(anonymous_8)
FNDA:0,(anonymous_9)
FNDA:0,(anonymous_10)
FNDA:0,(anonymous_11)
FNDA:0,(anonymous_12)
FNDA:0,(anonymous_13)
FNDA:0,(anonymous_14)
FNDA:0,(anonymous_15)
FNDA:0,(anonymous_16)
FNDA:0,(anonymous_17)
FNDA:0,(anonymous_18)
FNDA:0,(anonymous_19)
FNDA:0,(anonymous_20)
FNDA:0,(anonymous_21)
FNDA:0,(anonymous_22)
FNDA:0,(anonymous_23)
FNDA:0,(anonymous_24)
FNDA:0,(anonymous_25)
DA:24,0
DA:25,0
DA:26,0
DA:27,0
DA:28,0
DA:29,0
DA:32,0
DA:35,0
DA:37,0
DA:38,0
DA:39,0
DA:43,0
DA:44,0
DA:46,0
DA:53,0
DA:56,0
DA:124,0
DA:125,0
DA:126,0
DA:127,0
DA:130,0
DA:134,0
DA:135,0
DA:139,0
DA:141,0
DA:142,0
DA:145,0
DA:151,0
DA:155,0
DA:159,0
DA:161,0
DA:162,0
DA:165,0
DA:166,0
DA:167,0
DA:170,0
DA:173,0
DA:174,0
DA:175,0
DA:180,0
DA:181,0
DA:182,0
DA:183,0
DA:188,0
DA:190,0
DA:198,0
DA:206,0
DA:258,0
DA:259,0
DA:262,0
DA:264,0
DA:268,0
DA:273,0
DA:274,0
DA:275,0
DA:276,0
DA:277,0
DA:281,0
DA:282,0
DA:283,0
DA:284,0
DA:285,0
DA:286,0
DA:293,0
DA:294,0
DA:298,0
DA:299,0
DA:301,0
DA:351,0
DA:361,0
DA:371,0
DA:393,0
DA:403,0
DA:413,0
DA:445,0
DA:453,0
DA:485,0
DA:496,0
DA:550,0
LF:79
LH:0
BRDA:38,0,0,0
BRDA:38,0,1,0
BRDA:38,1,0,0
BRDA:38,1,1,0
BRDA:44,2,0,0
BRDA:44,2,1,0
BRDA:126,3,0,0
BRDA:126,3,1,0
BRDA:181,4,0,0
BRDA:181,4,1,0
BRDA:258,5,0,0
BRDA:258,5,1,0
BRDA:274,6,0,0
BRDA:274,6,1,0
BRDA:283,7,0,0
BRDA:283,7,1,0
BRDA:285,8,0,0
BRDA:285,8,1,0
BRDA:294,9,0,0
BRDA:294,9,1,0
BRDA:298,10,0,0
BRDA:298,10,1,0
BRDA:299,11,0,0
BRDA:299,11,1,0
BRDA:328,12,0,0
BRDA:328,12,1,0
BRDA:343,13,0,0
BRDA:343,13,1,0
BRDA:353,14,0,0
BRDA:353,14,1,0
BRDA:363,15,0,0
BRDA:363,15,1,0
BRDA:373,16,0,0
BRDA:373,16,1,0
BRDA:389,17,0,0
BRDA:389,17,1,0
BRDA:395,18,0,0
BRDA:395,18,1,0
BRDA:405,19,0,0
BRDA:405,19,1,0
BRDA:415,20,0,0
BRDA:415,20,1,0
BRDA:429,21,0,0
BRDA:429,21,1,0
BRDA:432,22,0,0
BRDA:432,22,1,0
BRDA:433,23,0,0
BRDA:433,23,1,0
BRDA:470,24,0,0
BRDA:470,24,1,0
BRDA:471,25,0,0
BRDA:471,25,1,0
BRDA:506,26,0,0
BRDA:506,26,1,0
BRDA:523,27,0,0
BRDA:523,27,1,0
BRDA:525,28,0,0
BRDA:525,28,1,0
BRDA:529,29,0,0
BRDA:529,29,1,0
BRDA:553,30,0,0
BRDA:553,30,1,0
BRDA:570,31,0,0
BRDA:570,31,1,0
BRDA:580,32,0,0
BRDA:580,32,1,0
BRF:66
BRH:0
end_of_record
TN:
SF:src\pages\Requests.tsx
FN:4,Requests
FNF:1
FNH:0
FNDA:0,Requests
DA:5,0
DA:6,0
LF:2
LH:0
BRDA:17,0,0,0
BRDA:17,0,1,0
BRF:2
BRH:0
end_of_record
TN:
SF:src\types\api.types.ts
FNF:0
FNH:0
LF:0
LH:0
BRF:0
BRH:0
end_of_record
TN:
SF:src\utils\apiClient.ts
FN:24,(anonymous_0)
FN:31,(anonymous_1)
FN:52,(anonymous_2)
FN:59,(anonymous_3)
FN:67,(anonymous_4)
FN:87,(anonymous_5)
FNF:6
FNH:0
FNDA:0,(anonymous_0)
FNDA:0,(anonymous_1)
FNDA:0,(anonymous_2)
FNDA:0,(anonymous_3)
FNDA:0,(anonymous_4)
FNDA:0,(anonymous_5)
DA:10,0
DA:13,0
DA:21,0
DA:24,0
DA:25,0
DA:26,0
DA:30,0
DA:32,0
DA:33,0
DA:35,0
DA:37,0
DA:38,0
DA:42,0
DA:43,0
DA:44,0
DA:47,0
DA:50,0
DA:53,0
DA:58,0
DA:61,0
DA:62,0
DA:63,0
DA:65,0
DA:69,0
DA:70,0
DA:71,0
DA:74,0
DA:76,0
DA:78,0
DA:79,0
DA:81,0
DA:86,0
DA:87,0
DA:88,0
DA:91,0
DA:92,0
DA:93,0
DA:97,0
DA:98,0
DA:101,0
LF:40
LH:0
BRDA:10,0,0,0
BRDA:10,0,1,0
BRDA:26,1,0,0
BRDA:26,1,1,0
BRDA:26,2,0,0
BRDA:26,2,1,0
BRDA:35,3,0,0
BRDA:35,3,1,0
BRDA:42,4,0,0
BRDA:42,4,1,0
BRDA:62,5,0,0
BRDA:62,5,1,0
BRDA:70,6,0,0
BRDA:70,6,1,0
BRDA:74,7,0,0
BRDA:74,7,1,0
BRDA:91,8,0,0
BRDA:91,8,1,0
BRF:18
BRH:0
end_of_record
TN:
SF:src\utils\cropImageToSquare.ts
FN:2,cropImageToSquare
FN:6,(anonymous_1)
FN:9,(anonymous_2)
FN:10,(anonymous_3)
FNF:4
FNH:0
FNDA:0,cropImageToSquare
FNDA:0,(anonymous_1)
FNDA:0,(anonymous_2)
FNDA:0,(anonymous_3)
DA:6,0
DA:7,0
DA:8,0
DA:9,0
DA:10,0
DA:11,0
DA:12,0
DA:13,0
DA:14,0
DA:15,0
DA:16,0
DA:17,0
DA:18,0
DA:19,0
DA:20,0
DA:22,0
DA:23,0
DA:25,0
DA:26,0
LF:19
LH:0
BRDA:4,0,0,0
BRDA:18,1,0,0
BRDA:18,1,1,0
BRF:3
BRH:0
end_of_record
TN:
SF:src\utils\errorHandler.ts
FN:9,getErrorMessage
FN:37,isAuthError
FN:45,isNetworkError
FN:53,logError
FNF:4
FNH:0
FNDA:0,getErrorMessage
FNDA:0,isAuthError
FNDA:0,isNetworkError
FNDA:0,logError
DA:10,0
DA:11,0
DA:14,0
DA:17,0
DA:18,0
DA:21,0
DA:22,0
DA:26,0
DA:27,0
DA:31,0
DA:38,0
DA:39,0
DA:46,0
DA:47,0
DA:54,0
DA:55,0
LF:16
LH:0
BRDA:10,0,0,0
BRDA:10,0,1,0
BRDA:17,1,0,0
BRDA:17,1,1,0
BRDA:21,2,0,0
BRDA:21,2,1,0
BRDA:26,3,0,0
BRDA:26,3,1,0
BRDA:39,4,0,0
BRDA:39,4,1,0
BRDA:47,5,0,0
BRDA:47,5,1,0
BRDA:54,6,0,0
BRDA:54,6,1,0
BRF:14
BRH:0
end_of_record
TN:
SF:src\utils\resizeGearImage.ts
FN:2,resizeGearImage
FN:8,(anonymous_1)
FN:12,(anonymous_2)
FN:13,(anonymous_3)
FNF:4
FNH:0
FNDA:0,resizeGearImage
FNDA:0,(anonymous_1)
FNDA:0,(anonymous_2)
FNDA:0,(anonymous_3)
DA:8,0
DA:9,0
DA:10,0
DA:12,0
DA:13,0
DA:14,0
DA:15,0
DA:16,0
DA:17,0
DA:19,0
DA:22,0
DA:23,0
DA:25,0
DA:26,0
DA:27,0
DA:28,0
DA:30,0
DA:32,0
DA:33,0
DA:36,0
DA:37,0
DA:41,0
DA:42,0
DA:45,0
DA:48,0
DA:51,0
DA:52,0
DA:55,0
DA:56,0
LF:29
LH:0
BRDA:4,0,0,0
BRDA:5,1,0,0
BRDA:6,2,0,0
BRDA:19,3,0,0
BRDA:19,3,1,0
BRDA:30,4,0,0
BRDA:30,4,1,0
BRF:7
BRH:0
end_of_record
