TN:
SF:src\controllers\authController.ts
FN:5,debugListUsers
FN:26,registerUser
FN:91,fixUserEmail
FNF:3
FNH:2
FNDA:2,debugListUsers
FNDA:5,registerUser
FNDA:0,fixUserEmail
DA:2,1
DA:5,1
DA:6,2
DA:7,1
DA:10,1
DA:11,1
DA:18,1
DA:20,0
DA:21,0
DA:26,1
DA:27,5
DA:28,5
DA:30,5
DA:31,1
DA:34,4
DA:35,1
DA:38,3
DA:39,3
DA:53,2
DA:57,2
DA:58,1
DA:68,1
DA:79,2
DA:85,1
DA:86,1
DA:91,1
DA:92,0
DA:93,0
DA:95,0
DA:96,0
DA:99,0
DA:100,0
DA:105,0
DA:106,0
DA:113,0
DA:119,0
DA:120,0
LF:37
LH:24
BRDA:6,0,0,1
BRDA:6,0,1,1
BRDA:30,1,0,1
BRDA:30,1,1,4
BRDA:34,2,0,1
BRDA:34,2,1,3
BRDA:42,3,0,2
BRDA:42,3,1,1
BRDA:43,4,0,3
BRDA:43,4,1,2
BRDA:47,5,0,2
BRDA:47,5,1,1
BRDA:48,6,0,3
BRDA:48,6,1,2
BRDA:57,7,0,1
BRDA:57,7,1,1
BRDA:95,8,0,0
BRDA:95,8,1,0
BRDA:95,9,0,0
BRDA:95,9,1,0
BRDA:99,10,0,0
BRDA:99,10,1,0
BRF:22
BRH:16
end_of_record
TN:
SF:src\controllers\borrowRequestController.ts
FN:11,createBorrowRequest
FN:33,(anonymous_2)
FN:167,(anonymous_3)
FN:205,(anonymous_4)
FN:289,getBorrowRequests
FN:390,(anonymous_6)
FN:392,(anonymous_7)
FN:395,(anonymous_8)
FN:446,acceptBorrowRequest
FN:523,(anonymous_10)
FN:654,declineBorrowRequest
FN:735,cancelBorrowRequest
FN:817,updateBorrowRequest
FN:916,deleteBorrowRequest
FNF:14
FNH:13
FNDA:13,createBorrowRequest
FNDA:22,(anonymous_2)
FNDA:1,(anonymous_3)
FNDA:0,(anonymous_4)
FNDA:4,getBorrowRequests
FNDA:1,(anonymous_6)
FNDA:1,(anonymous_7)
FNDA:1,(anonymous_8)
FNDA:6,acceptBorrowRequest
FNDA:1,(anonymous_10)
FNDA:5,declineBorrowRequest
FNDA:5,cancelBorrowRequest
FNDA:6,updateBorrowRequest
FNDA:6,deleteBorrowRequest
DA:2,1
DA:3,1
DA:4,1
DA:11,1
DA:13,13
DA:14,13
DA:16,13
DA:17,1
DA:23,12
DA:24,1
DA:29,11
DA:31,11
DA:33,11
DA:34,22
DA:35,22
DA:37,11
DA:38,11
DA:39,11
DA:40,11
DA:42,11
DA:43,1
DA:46,10
DA:47,0
DA:52,10
DA:53,1
DA:59,9
DA:60,9
DA:61,9
DA:62,1
DA:67,8
DA:76,7
DA:77,1
DA:80,6
DA:81,1
DA:87,5
DA:88,5
DA:89,3
DA:103,3
DA:104,1
DA:111,2
DA:113,2
DA:120,2
DA:121,1
DA:127,1
DA:134,1
DA:135,1
DA:144,2
DA:162,2
DA:163,1
DA:167,1
DA:175,1
DA:205,1
DA:206,0
DA:207,0
DA:208,0
DA:214,0
DA:217,1
DA:218,0
DA:220,0
DA:221,0
DA:233,1
DA:269,1
DA:276,1
DA:283,1
DA:284,1
DA:289,1
DA:290,4
DA:291,4
DA:292,4
DA:293,4
DA:294,4
DA:296,4
DA:297,1
DA:300,3
DA:301,1
DA:306,2
DA:307,2
DA:311,2
DA:312,0
DA:315,2
DA:319,1
DA:390,1
DA:391,1
DA:392,1
DA:395,1
DA:396,1
DA:399,1
DA:427,1
DA:429,1
DA:440,1
DA:441,1
DA:446,1
DA:447,6
DA:448,6
DA:450,6
DA:451,1
DA:454,5
DA:455,5
DA:468,5
DA:469,1
DA:472,4
DA:473,1
DA:479,3
DA:480,1
DA:487,2
DA:514,2
DA:515,1
DA:522,1
DA:525,1
DA:530,1
DA:531,0
DA:536,1
DA:565,1
DA:579,1
DA:588,1
DA:617,1
DA:629,1
DA:637,1
DA:644,0
DA:646,0
DA:649,0
DA:654,1
DA:655,5
DA:656,5
DA:658,5
DA:659,1
DA:662,4
DA:663,4
DA:676,4
DA:677,1
DA:680,3
DA:681,1
DA:687,2
DA:688,1
DA:694,1
DA:716,1
DA:722,1
DA:729,0
DA:730,0
DA:735,1
DA:736,5
DA:737,5
DA:739,5
DA:740,1
DA:743,4
DA:744,4
DA:765,4
DA:766,1
DA:769,3
DA:770,1
DA:776,2
DA:777,1
DA:783,1
DA:805,1
DA:811,0
DA:812,0
DA:817,1
DA:818,6
DA:819,6
DA:821,6
DA:822,1
DA:825,5
DA:826,5
DA:830,5
DA:831,1
DA:834,4
DA:838,1
DA:844,3
DA:845,1
DA:851,2
DA:853,2
DA:854,1
DA:855,1
DA:856,0
DA:858,1
DA:861,2
DA:862,1
DA:863,1
DA:864,0
DA:866,1
DA:869,2
DA:870,2
DA:872,2
DA:873,1
DA:878,1
DA:879,1
DA:882,1
DA:904,1
DA:910,0
DA:911,0
DA:916,1
DA:917,6
DA:918,6
DA:920,6
DA:921,1
DA:924,5
DA:925,5
DA:932,5
DA:933,1
DA:936,4
DA:940,1
DA:946,3
DA:947,1
DA:955,2
DA:956,1
DA:961,2
DA:965,2
DA:970,0
DA:971,0
LF:209
LH:186
BRDA:16,0,0,1
BRDA:16,0,1,12
BRDA:16,1,0,13
BRDA:16,1,1,12
BRDA:16,1,2,12
BRDA:16,1,3,12
BRDA:23,2,0,1
BRDA:23,2,1,11
BRDA:29,3,0,0
BRDA:29,3,1,11
BRDA:42,4,0,1
BRDA:42,4,1,10
BRDA:42,5,0,11
BRDA:42,5,1,10
BRDA:46,6,0,0
BRDA:46,6,1,10
BRDA:52,7,0,1
BRDA:52,7,1,9
BRDA:61,8,0,1
BRDA:61,8,1,8
BRDA:76,9,0,1
BRDA:76,9,1,6
BRDA:80,10,0,1
BRDA:80,10,1,5
BRDA:88,11,0,3
BRDA:88,11,1,2
BRDA:103,12,0,1
BRDA:103,12,1,2
BRDA:120,13,0,1
BRDA:120,13,1,1
BRDA:134,14,0,1
BRDA:134,14,1,0
BRDA:162,15,0,1
BRDA:162,15,1,1
BRDA:206,16,0,0
BRDA:206,16,1,0
BRDA:207,17,0,0
BRDA:207,17,1,0
BRDA:209,18,0,0
BRDA:209,18,1,0
BRDA:209,18,2,0
BRDA:217,19,0,0
BRDA:217,19,1,1
BRDA:220,20,0,0
BRDA:220,20,1,0
BRDA:278,21,0,1
BRDA:278,21,1,0
BRDA:293,22,0,4
BRDA:293,22,1,4
BRDA:294,23,0,4
BRDA:294,23,1,4
BRDA:296,24,0,1
BRDA:296,24,1,3
BRDA:300,25,0,1
BRDA:300,25,1,2
BRDA:300,26,0,3
BRDA:300,26,1,2
BRDA:300,26,2,0
BRDA:308,27,0,2
BRDA:308,27,1,0
BRDA:311,28,0,0
BRDA:311,28,1,2
BRDA:423,29,0,1
BRDA:423,29,1,0
BRDA:450,30,0,1
BRDA:450,30,1,5
BRDA:468,31,0,1
BRDA:468,31,1,4
BRDA:472,32,0,1
BRDA:472,32,1,3
BRDA:479,33,0,1
BRDA:479,33,1,2
BRDA:514,34,0,1
BRDA:514,34,1,1
BRDA:530,35,0,0
BRDA:530,35,1,1
BRDA:530,36,0,1
BRDA:530,36,1,1
BRDA:639,37,0,1
BRDA:639,37,1,0
BRDA:646,38,0,0
BRDA:646,38,1,0
BRDA:658,39,0,1
BRDA:658,39,1,4
BRDA:676,40,0,1
BRDA:676,40,1,3
BRDA:680,41,0,1
BRDA:680,41,1,2
BRDA:687,42,0,1
BRDA:687,42,1,1
BRDA:724,43,0,1
BRDA:724,43,1,0
BRDA:739,44,0,1
BRDA:739,44,1,4
BRDA:765,45,0,1
BRDA:765,45,1,3
BRDA:769,46,0,1
BRDA:769,46,1,2
BRDA:776,47,0,1
BRDA:776,47,1,1
BRDA:821,48,0,1
BRDA:821,48,1,5
BRDA:830,49,0,1
BRDA:830,49,1,4
BRDA:834,50,0,1
BRDA:834,50,1,3
BRDA:835,51,0,4
BRDA:835,51,1,1
BRDA:844,52,0,1
BRDA:844,52,1,2
BRDA:853,53,0,1
BRDA:853,53,1,1
BRDA:855,54,0,0
BRDA:855,54,1,1
BRDA:861,55,0,1
BRDA:861,55,1,1
BRDA:863,56,0,0
BRDA:863,56,1,1
BRDA:869,57,0,2
BRDA:869,57,1,1
BRDA:870,58,0,2
BRDA:870,58,1,1
BRDA:872,59,0,1
BRDA:872,59,1,1
BRDA:878,60,0,1
BRDA:878,60,1,0
BRDA:879,61,0,1
BRDA:879,61,1,0
BRDA:920,62,0,1
BRDA:920,62,1,5
BRDA:932,63,0,1
BRDA:932,63,1,4
BRDA:936,64,0,1
BRDA:936,64,1,3
BRDA:937,65,0,4
BRDA:937,65,1,1
BRDA:946,66,0,1
BRDA:946,66,1,2
BRDA:955,67,0,1
BRDA:955,67,1,1
BRF:140
BRH:113
end_of_record
TN:
SF:src\controllers\groupController.ts
FN:10,createGroup
FN:56,addMember
FN:72,getGroups
FN:103,(anonymous_4)
FN:122,getGroupResources
FN:129,(anonymous_6)
FN:137,getGroupMembers
FN:168,inviteToGroup
FN:246,removeMember
FN:287,updateGroup
FN:370,deleteGroup
FN:434,transferOwnership
FN:534,getGroupDetails
FN:571,(anonymous_14)
FN:600,removeGroupMember
FN:672,updateMemberRole
FN:765,getUserGroups
FN:783,(anonymous_18)
FNF:18
FNH:18
FNDA:4,createGroup
FNDA:3,addMember
FNDA:3,getGroups
FNDA:1,(anonymous_4)
FNDA:2,getGroupResources
FNDA:2,(anonymous_6)
FNDA:3,getGroupMembers
FNDA:7,inviteToGroup
FNDA:6,removeMember
FNDA:7,updateGroup
FNDA:6,deleteGroup
FNDA:6,transferOwnership
FNDA:5,getGroupDetails
FNDA:2,(anonymous_14)
FNDA:8,removeGroupMember
FNDA:8,updateMemberRole
FNDA:2,getUserGroups
FNDA:1,(anonymous_18)
DA:2,1
DA:3,1
DA:10,1
DA:11,4
DA:12,4
DA:14,4
DA:16,4
DA:17,4
DA:18,1
DA:21,3
DA:22,1
DA:27,2
DA:28,2
DA:38,1
DA:48,1
DA:50,1
DA:51,1
DA:56,1
DA:57,3
DA:58,3
DA:59,3
DA:60,2
DA:61,2
DA:64,1
DA:66,1
DA:67,1
DA:72,1
DA:73,3
DA:74,3
DA:75,2
DA:76,2
DA:77,2
DA:79,2
DA:80,2
DA:103,1
DA:104,1
DA:111,1
DA:116,1
DA:117,1
DA:122,1
DA:123,2
DA:124,2
DA:125,2
DA:129,2
DA:131,1
DA:132,1
DA:137,1
DA:138,3
DA:139,3
DA:141,3
DA:142,3
DA:146,2
DA:147,1
DA:152,1
DA:160,1
DA:162,1
DA:163,1
DA:168,1
DA:169,7
DA:170,7
DA:172,7
DA:173,1
DA:176,6
DA:177,6
DA:178,6
DA:179,1
DA:182,5
DA:189,4
DA:190,1
DA:195,3
DA:201,3
DA:202,1
DA:208,2
DA:215,2
DA:216,1
DA:222,1
DA:234,1
DA:240,1
DA:241,1
DA:246,1
DA:247,6
DA:248,6
DA:250,6
DA:251,6
DA:252,4
DA:257,4
DA:258,1
DA:264,3
DA:266,3
DA:267,1
DA:273,4
DA:279,3
DA:281,1
DA:282,1
DA:287,1
DA:288,7
DA:289,7
DA:291,7
DA:292,1
DA:295,6
DA:296,6
DA:314,5
DA:315,1
DA:320,4
DA:321,4
DA:322,1
DA:327,3
DA:328,3
DA:329,3
DA:330,1
DA:331,1
DA:332,1
DA:333,1
DA:336,0
DA:338,2
DA:340,2
DA:341,1
DA:344,1
DA:358,1
DA:364,1
DA:365,1
DA:370,1
DA:371,6
DA:372,6
DA:374,6
DA:375,1
DA:378,5
DA:379,5
DA:390,4
DA:391,1
DA:396,3
DA:397,1
DA:402,2
DA:407,2
DA:408,1
DA:411,1
DA:415,1
DA:419,1
DA:423,1
DA:428,1
DA:429,1
DA:434,1
DA:435,6
DA:436,6
DA:438,6
DA:439,1
DA:444,5
DA:445,5
DA:456,4
DA:457,1
DA:462,3
DA:463,1
DA:468,2
DA:480,2
DA:481,1
DA:486,1
DA:496,1
DA:506,1
DA:520,1
DA:528,1
DA:529,1
DA:534,1
DA:535,5
DA:536,5
DA:538,5
DA:539,1
DA:542,4
DA:543,4
DA:567,3
DA:568,1
DA:571,2
DA:572,2
DA:573,1
DA:578,1
DA:579,1
DA:587,1
DA:594,1
DA:595,1
DA:600,1
DA:601,8
DA:602,8
DA:604,8
DA:605,1
DA:610,7
DA:611,7
DA:615,6
DA:616,1
DA:619,5
DA:621,5
DA:622,2
DA:627,3
DA:628,0
DA:633,3
DA:645,3
DA:646,1
DA:651,2
DA:658,2
DA:659,2
DA:661,2
DA:666,1
DA:667,1
DA:672,1
DA:673,8
DA:674,8
DA:676,8
DA:677,1
DA:682,7
DA:683,1
DA:686,6
DA:687,6
DA:698,5
DA:699,1
DA:704,4
DA:705,1
DA:710,3
DA:721,3
DA:722,1
DA:727,2
DA:728,1
DA:731,1
DA:741,1
DA:753,1
DA:759,1
DA:760,1
DA:765,1
DA:766,2
DA:768,2
DA:769,2
DA:782,1
DA:784,1
DA:788,1
DA:795,1
DA:797,1
DA:798,1
LF:234
LH:232
BRDA:17,0,0,1
BRDA:17,0,1,3
BRDA:21,1,0,1
BRDA:21,1,1,2
BRDA:59,2,0,1
BRDA:59,2,1,2
BRDA:74,3,0,1
BRDA:74,3,1,2
BRDA:75,4,0,2
BRDA:75,4,1,2
BRDA:76,5,0,2
BRDA:76,5,1,2
BRDA:146,6,0,1
BRDA:146,6,1,1
BRDA:172,7,0,1
BRDA:172,7,1,6
BRDA:172,8,0,7
BRDA:172,8,1,7
BRDA:178,9,0,1
BRDA:178,9,1,5
BRDA:189,10,0,1
BRDA:189,10,1,3
BRDA:201,11,0,1
BRDA:201,11,1,2
BRDA:215,12,0,1
BRDA:215,12,1,1
BRDA:251,13,0,4
BRDA:251,13,1,2
BRDA:257,14,0,1
BRDA:257,14,1,3
BRDA:264,15,0,3
BRDA:264,15,1,2
BRDA:266,16,0,1
BRDA:266,16,1,2
BRDA:291,17,0,1
BRDA:291,17,1,6
BRDA:314,18,0,1
BRDA:314,18,1,4
BRDA:320,19,0,4
BRDA:320,19,1,1
BRDA:321,20,0,1
BRDA:321,20,1,3
BRDA:328,21,0,1
BRDA:328,21,1,2
BRDA:328,22,0,3
BRDA:328,22,1,1
BRDA:329,23,0,1
BRDA:329,23,1,2
BRDA:330,24,0,1
BRDA:330,24,1,0
BRDA:330,25,0,1
BRDA:330,25,1,1
BRDA:332,26,0,1
BRDA:332,26,1,0
BRDA:338,27,0,1
BRDA:338,27,1,1
BRDA:340,28,0,1
BRDA:340,28,1,1
BRDA:374,29,0,1
BRDA:374,29,1,5
BRDA:390,30,0,1
BRDA:390,30,1,3
BRDA:396,31,0,1
BRDA:396,31,1,2
BRDA:407,32,0,1
BRDA:407,32,1,1
BRDA:438,33,0,1
BRDA:438,33,1,5
BRDA:438,34,0,6
BRDA:438,34,1,6
BRDA:456,35,0,1
BRDA:456,35,1,3
BRDA:462,36,0,1
BRDA:462,36,1,2
BRDA:480,37,0,1
BRDA:480,37,1,1
BRDA:524,38,0,1
BRDA:524,38,1,0
BRDA:538,39,0,1
BRDA:538,39,1,4
BRDA:567,40,0,1
BRDA:567,40,1,2
BRDA:572,41,0,1
BRDA:572,41,1,1
BRDA:604,42,0,1
BRDA:604,42,1,7
BRDA:604,43,0,8
BRDA:604,43,1,8
BRDA:615,44,0,1
BRDA:615,44,1,5
BRDA:619,45,0,5
BRDA:619,45,1,4
BRDA:621,46,0,2
BRDA:621,46,1,3
BRDA:627,47,0,0
BRDA:627,47,1,3
BRDA:627,48,0,3
BRDA:627,48,1,0
BRDA:645,49,0,1
BRDA:645,49,1,2
BRDA:658,50,0,1
BRDA:658,50,1,1
BRDA:659,51,0,2
BRDA:659,51,1,0
BRDA:676,52,0,1
BRDA:676,52,1,7
BRDA:676,53,0,8
BRDA:676,53,1,8
BRDA:682,54,0,1
BRDA:682,54,1,6
BRDA:698,55,0,1
BRDA:698,55,1,4
BRDA:704,56,0,1
BRDA:704,56,1,3
BRDA:721,57,0,1
BRDA:721,57,1,2
BRDA:727,58,0,1
BRDA:727,58,1,1
BRF:118
BRH:112
end_of_record
TN:
SF:src\controllers\loanController.ts
FN:9,requestReturn
FN:58,(anonymous_2)
FN:122,confirmReturn
FN:175,(anonymous_4)
FN:246,markReturned
FN:290,(anonymous_6)
FNF:6
FNH:6
FNDA:6,requestReturn
FNDA:1,(anonymous_2)
FNDA:7,confirmReturn
FNDA:1,(anonymous_4)
FNDA:7,markReturned
FNDA:1,(anonymous_6)
DA:2,1
DA:3,1
DA:9,1
DA:10,6
DA:11,6
DA:13,6
DA:14,1
DA:17,5
DA:18,5
DA:39,4
DA:40,1
DA:43,3
DA:44,1
DA:50,2
DA:51,1
DA:57,1
DA:59,1
DA:64,1
DA:65,0
DA:68,1
DA:93,1
DA:101,1
DA:107,1
DA:114,1
DA:116,1
DA:117,1
DA:122,1
DA:123,7
DA:124,7
DA:126,7
DA:127,1
DA:130,6
DA:131,6
DA:153,5
DA:154,1
DA:157,4
DA:158,1
DA:164,3
DA:165,2
DA:174,1
DA:176,1
DA:181,1
DA:185,0
DA:188,1
DA:209,1
DA:217,1
DA:225,1
DA:231,1
DA:238,1
DA:240,1
DA:241,1
DA:246,1
DA:247,7
DA:248,7
DA:250,7
DA:251,1
DA:254,6
DA:255,6
DA:263,5
DA:264,1
DA:267,4
DA:268,1
DA:274,3
DA:275,1
DA:282,2
DA:283,1
DA:289,1
DA:291,1
DA:296,1
DA:297,0
DA:300,1
DA:316,1
DA:324,1
DA:332,1
DA:338,1
DA:340,1
DA:343,1
LF:77
LH:74
BRDA:13,0,0,1
BRDA:13,0,1,5
BRDA:39,1,0,1
BRDA:39,1,1,3
BRDA:43,2,0,1
BRDA:43,2,1,2
BRDA:50,3,0,1
BRDA:50,3,1,1
BRDA:64,4,0,0
BRDA:64,4,1,1
BRDA:64,5,0,1
BRDA:64,5,1,1
BRDA:109,6,0,1
BRDA:109,6,1,0
BRDA:116,7,0,1
BRDA:116,7,1,0
BRDA:126,8,0,1
BRDA:126,8,1,6
BRDA:153,9,0,1
BRDA:153,9,1,4
BRDA:157,10,0,1
BRDA:157,10,1,3
BRDA:164,11,0,2
BRDA:164,11,1,1
BRDA:168,12,0,1
BRDA:168,12,1,1
BRDA:181,13,0,0
BRDA:181,13,1,1
BRDA:182,14,0,1
BRDA:182,14,1,1
BRDA:233,15,0,1
BRDA:233,15,1,0
BRDA:240,16,0,1
BRDA:240,16,1,0
BRDA:250,17,0,1
BRDA:250,17,1,6
BRDA:263,18,0,1
BRDA:263,18,1,4
BRDA:267,19,0,1
BRDA:267,19,1,3
BRDA:274,20,0,1
BRDA:274,20,1,2
BRDA:274,21,0,3
BRDA:274,21,1,2
BRDA:282,22,0,1
BRDA:282,22,1,1
BRDA:296,23,0,0
BRDA:296,23,1,1
BRDA:296,24,0,1
BRDA:296,24,1,1
BRDA:340,25,0,1
BRDA:340,25,1,0
BRF:52
BRH:44
end_of_record
TN:
SF:src\controllers\notificationController.ts
FN:5,saveNotificationToken
FNF:1
FNH:1
FNDA:4,saveNotificationToken
DA:2,1
DA:5,1
DA:6,4
DA:7,4
DA:9,4
DA:10,2
DA:13,2
DA:14,2
DA:19,1
DA:21,1
DA:22,1
LF:11
LH:11
BRDA:9,0,0,2
BRDA:9,0,1,2
BRDA:9,1,0,4
BRDA:9,1,1,3
BRF:4
BRH:4
end_of_record
TN:
SF:src\controllers\resourceController.ts
FN:10,getResources
FN:79,(anonymous_2)
FN:109,(anonymous_3)
FN:130,getPendingRequestsCount
FN:149,createResource
FN:237,updateResource
FN:308,deleteResource
FN:347,getResourceGroups
FN:383,(anonymous_9)
FN:403,addResourceToGroup
FN:466,removeResourceFromGroup
FN:503,shareResource
FNF:12
FNH:11
FNDA:6,getResources
FNDA:2,(anonymous_2)
FNDA:2,(anonymous_3)
FNDA:2,getPendingRequestsCount
FNDA:5,createResource
FNDA:7,updateResource
FNDA:5,deleteResource
FNDA:5,getResourceGroups
FNDA:1,(anonymous_9)
FNDA:7,addResourceToGroup
FNDA:5,removeResourceFromGroup
FNDA:0,shareResource
DA:2,1
DA:3,1
DA:10,1
DA:11,6
DA:12,6
DA:13,6
DA:14,6
DA:15,6
DA:16,6
DA:17,6
DA:19,6
DA:20,3
DA:56,2
DA:67,3
DA:68,1
DA:74,2
DA:79,2
DA:81,2
DA:108,2
DA:109,2
DA:110,2
DA:111,2
DA:112,1
DA:116,2
DA:117,2
DA:118,2
DA:119,2
DA:124,1
DA:125,1
DA:130,1
DA:131,2
DA:133,2
DA:134,2
DA:141,1
DA:143,1
DA:144,1
DA:149,1
DA:150,5
DA:151,5
DA:153,5
DA:154,5
DA:156,5
DA:162,5
DA:163,1
DA:166,4
DA:167,4
DA:168,4
DA:169,0
DA:173,4
DA:174,1
DA:179,3
DA:180,3
DA:195,2
DA:199,2
DA:200,1
DA:210,1
DA:221,2
DA:229,2
DA:231,1
DA:232,1
DA:237,1
DA:238,7
DA:239,7
DA:240,7
DA:242,7
DA:243,7
DA:244,1
DA:246,7
DA:247,1
DA:249,7
DA:250,1
DA:252,7
DA:253,0
DA:256,7
DA:257,3
DA:260,4
DA:261,4
DA:262,4
DA:263,1
DA:265,3
DA:266,1
DA:271,2
DA:300,1
DA:302,1
DA:303,1
DA:308,1
DA:309,5
DA:310,5
DA:312,5
DA:313,5
DA:317,4
DA:318,1
DA:321,3
DA:322,1
DA:327,2
DA:328,1
DA:334,1
DA:335,1
DA:336,1
DA:337,1
DA:339,1
DA:341,1
DA:342,1
DA:347,1
DA:348,5
DA:349,5
DA:351,5
DA:352,1
DA:355,4
DA:356,4
DA:361,3
DA:362,1
DA:365,2
DA:366,1
DA:369,1
DA:382,1
DA:384,1
DA:388,1
DA:395,1
DA:397,1
DA:398,1
DA:403,1
DA:404,7
DA:405,7
DA:407,7
DA:408,1
DA:411,6
DA:412,6
DA:417,5
DA:418,1
DA:421,4
DA:422,1
DA:425,3
DA:432,3
DA:433,1
DA:438,2
DA:445,2
DA:446,1
DA:451,1
DA:458,1
DA:460,1
DA:461,1
DA:466,1
DA:467,5
DA:468,5
DA:470,5
DA:471,1
DA:474,4
DA:475,4
DA:480,3
DA:481,1
DA:484,2
DA:485,1
DA:488,1
DA:495,1
DA:497,1
DA:498,1
DA:503,1
DA:504,0
DA:505,0
DA:506,0
DA:508,0
DA:510,0
DA:511,0
DA:516,0
DA:517,0
DA:520,0
DA:521,0
DA:526,0
DA:533,0
DA:534,0
DA:539,0
DA:543,0
DA:544,0
DA:549,0
DA:552,0
DA:554,0
DA:555,0
LF:178
LH:156
BRDA:15,0,0,6
BRDA:15,0,1,5
BRDA:16,1,0,6
BRDA:16,1,1,5
BRDA:19,2,0,3
BRDA:19,2,1,3
BRDA:67,3,0,1
BRDA:67,3,1,2
BRDA:111,4,0,1
BRDA:111,4,1,1
BRDA:111,5,0,2
BRDA:111,5,1,1
BRDA:162,6,0,1
BRDA:162,6,1,4
BRDA:166,7,0,4
BRDA:166,7,1,0
BRDA:166,8,0,4
BRDA:166,8,1,4
BRDA:168,9,0,0
BRDA:168,9,1,4
BRDA:173,10,0,1
BRDA:173,10,1,3
BRDA:183,11,0,0
BRDA:183,11,1,3
BRDA:184,12,0,3
BRDA:184,12,1,3
BRDA:188,13,0,0
BRDA:188,13,1,3
BRDA:191,14,0,3
BRDA:191,14,1,3
BRDA:199,15,0,1
BRDA:199,15,1,1
BRDA:243,16,0,1
BRDA:243,16,1,6
BRDA:243,17,0,7
BRDA:243,17,1,7
BRDA:246,18,0,1
BRDA:246,18,1,6
BRDA:246,19,0,7
BRDA:246,19,1,7
BRDA:249,20,0,1
BRDA:249,20,1,6
BRDA:249,21,0,7
BRDA:249,21,1,7
BRDA:252,22,0,0
BRDA:252,22,1,7
BRDA:252,23,0,7
BRDA:252,23,1,7
BRDA:256,24,0,3
BRDA:256,24,1,4
BRDA:262,25,0,1
BRDA:262,25,1,3
BRDA:265,26,0,1
BRDA:265,26,1,2
BRDA:317,27,0,1
BRDA:317,27,1,3
BRDA:321,28,0,1
BRDA:321,28,1,2
BRDA:327,29,0,1
BRDA:327,29,1,1
BRDA:351,30,0,1
BRDA:351,30,1,4
BRDA:361,31,0,1
BRDA:361,31,1,2
BRDA:365,32,0,1
BRDA:365,32,1,1
BRDA:407,33,0,1
BRDA:407,33,1,6
BRDA:417,34,0,1
BRDA:417,34,1,4
BRDA:421,35,0,1
BRDA:421,35,1,3
BRDA:432,36,0,1
BRDA:432,36,1,2
BRDA:445,37,0,1
BRDA:445,37,1,1
BRDA:470,38,0,1
BRDA:470,38,1,4
BRDA:480,39,0,1
BRDA:480,39,1,2
BRDA:484,40,0,1
BRDA:484,40,1,1
BRDA:508,41,0,0
BRDA:508,41,1,0
BRDA:516,42,0,0
BRDA:516,42,1,0
BRDA:520,43,0,0
BRDA:520,43,1,0
BRDA:533,44,0,0
BRDA:533,44,1,0
BRDA:543,45,0,0
BRDA:543,45,1,0
BRF:92
BRH:77
end_of_record
TN:
SF:src\middleware\auth.ts
FN:11,authenticateToken
FN:26,(anonymous_2)
FN:27,(anonymous_3)
FN:66,requireVerifiedEmail
FNF:4
FNH:3
FNDA:5,authenticateToken
FNDA:3,(anonymous_2)
FNDA:0,(anonymous_3)
FNDA:3,requireVerifiedEmail
DA:6,1
DA:11,1
DA:16,5
DA:17,5
DA:19,5
DA:20,2
DA:23,3
DA:26,3
DA:27,3
DA:30,3
DA:36,1
DA:42,1
DA:45,2
DA:46,2
DA:52,2
DA:53,1
DA:59,1
DA:66,1
DA:71,3
DA:73,3
DA:74,2
DA:80,1
LF:22
LH:22
BRDA:19,0,0,2
BRDA:19,0,1,3
BRDA:19,1,0,5
BRDA:19,1,1,4
BRDA:45,2,0,2
BRDA:45,2,1,0
BRDA:52,3,0,1
BRDA:52,3,1,1
BRDA:73,4,0,2
BRDA:73,4,1,1
BRDA:73,5,0,3
BRDA:73,5,1,2
BRF:12
BRH:11
end_of_record
TN:
SF:src\middleware\requestId.ts
FN:4,requestIdMiddleware
FNF:1
FNH:1
FNDA:2,requestIdMiddleware
DA:2,1
DA:4,1
DA:10,2
DA:11,2
DA:12,2
DA:13,2
LF:6
LH:6
BRDA:10,0,0,2
BRDA:10,0,1,1
BRF:2
BRH:2
end_of_record
TN:
SF:src\middleware\requestValidation.ts
FN:8,validateRequestSize
FN:9,(anonymous_1)
FN:30,validateImageSize
FNF:3
FNH:3
FNDA:3,validateRequestSize
FNDA:3,(anonymous_1)
FNDA:3,validateImageSize
DA:6,1
DA:8,1
DA:9,3
DA:10,3
DA:12,3
DA:13,1
DA:20,1
DA:26,2
DA:30,1
DA:31,3
DA:32,3
DA:34,3
DA:36,2
DA:38,2
DA:39,1
DA:44,1
DA:52,2
LF:17
LH:17
BRDA:8,0,0,0
BRDA:12,1,0,1
BRDA:12,1,1,2
BRDA:12,2,0,3
BRDA:12,2,1,2
BRDA:34,3,0,2
BRDA:34,3,1,1
BRDA:34,4,0,3
BRDA:34,4,1,2
BRDA:38,5,0,1
BRDA:38,5,1,1
BRF:11
BRH:10
end_of_record
TN:
SF:src\routes\auth.ts
FNF:0
FNH:0
DA:1,0
DA:2,0
DA:3,0
DA:9,0
DA:11,0
DA:12,0
DA:13,0
DA:15,0
LF:8
LH:0
BRF:0
BRH:0
end_of_record
TN:
SF:src\routes\borrowRequests.ts
FNF:0
FNH:0
DA:1,0
DA:2,0
DA:3,0
DA:4,0
DA:13,0
DA:15,0
DA:23,0
DA:25,0
DA:26,0
DA:27,0
DA:28,0
DA:29,0
DA:30,0
DA:31,0
DA:32,0
DA:34,0
LF:16
LH:0
BRF:0
BRH:0
end_of_record
TN:
SF:src\routes\groups.ts
FNF:0
FNH:0
DA:1,0
DA:2,0
DA:3,0
DA:20,0
DA:22,0
DA:23,0
DA:24,0
DA:25,0
DA:26,0
DA:27,0
DA:28,0
DA:29,0
DA:30,0
DA:31,0
DA:36,0
DA:37,0
DA:38,0
DA:44,0
LF:18
LH:0
BRF:0
BRH:0
end_of_record
TN:
SF:src\routes\loans.ts
FNF:0
FNH:0
DA:1,0
DA:2,0
DA:3,0
DA:5,0
DA:7,0
DA:8,0
DA:10,0
LF:7
LH:0
BRF:0
BRH:0
end_of_record
TN:
SF:src\routes\notifications.ts
FNF:0
FNH:0
DA:1,0
DA:2,0
DA:3,0
DA:5,0
DA:7,0
DA:9,0
LF:6
LH:0
BRF:0
BRH:0
end_of_record
TN:
SF:src\routes\resources.ts
FNF:0
FNH:0
DA:1,0
DA:2,0
DA:3,0
DA:4,0
DA:16,0
DA:24,0
DA:26,0
DA:27,0
DA:32,0
DA:33,0
DA:34,0
DA:37,0
DA:38,0
DA:43,0
DA:48,0
DA:50,0
LF:16
LH:0
BRF:0
BRH:0
end_of_record
TN:
SF:src\routes\users.ts
FNF:0
FNH:0
DA:1,0
DA:2,0
DA:3,0
DA:5,0
DA:7,0
DA:9,0
LF:6
LH:0
BRF:0
BRH:0
end_of_record
TN:
SF:src\utils\logger.ts
FN:17,(anonymous_0)
FN:20,(anonymous_1)
FN:26,(anonymous_2)
FN:40,(anonymous_3)
FN:44,(anonymous_4)
FN:48,(anonymous_5)
FN:56,(anonymous_6)
FN:61,(anonymous_7)
FNF:8
FNH:8
FNDA:9,(anonymous_0)
FNDA:9,(anonymous_1)
FNDA:6,(anonymous_2)
FNDA:3,(anonymous_3)
FNDA:2,(anonymous_4)
FNDA:1,(anonymous_5)
FNDA:2,(anonymous_6)
FNDA:1,(anonymous_7)
DA:18,9
DA:21,9
DA:22,9
DA:23,9
DA:27,6
DA:30,6
DA:31,0
DA:32,0
DA:33,0
DA:34,0
DA:37,6
DA:41,3
DA:45,2
DA:49,1
DA:53,1
DA:58,2
DA:63,1
DA:67,2
DA:68,2
LF:19
LH:15
BRDA:22,0,0,6
BRDA:22,0,1,3
BRDA:30,1,0,0
BRDA:30,1,1,6
BRDA:51,2,0,1
BRDA:51,2,1,0
BRF:6
BRH:4
end_of_record
TN:
SF:src\utils\notifications.ts
FN:14,sendNotification
FN:63,notifyNewBorrowRequest
FN:76,notifyRequestAccepted
FN:89,notifyRequestDeclined
FN:102,notifyReturnRequested
FN:115,notifyReturnConfirmed
FNF:6
FNH:0
FNDA:0,sendNotification
FNDA:0,notifyNewBorrowRequest
FNDA:0,notifyRequestAccepted
FNDA:0,notifyRequestDeclined
FNDA:0,notifyReturnRequested
FNDA:0,notifyReturnConfirmed
DA:1,0
DA:2,0
DA:14,0
DA:18,0
DA:19,0
DA:24,0
DA:26,0
DA:44,0
DA:48,0
DA:54,0
DA:63,0
DA:69,0
DA:76,0
DA:82,0
DA:89,0
DA:95,0
DA:102,0
DA:108,0
DA:115,0
DA:121,0
LF:20
LH:0
BRDA:24,0,0,0
BRDA:24,0,1,0
BRDA:44,1,0,0
BRDA:44,1,1,0
BRDA:45,2,0,0
BRDA:45,2,1,0
BRDA:56,3,0,0
BRDA:56,3,1,0
BRF:8
BRH:0
end_of_record
TN:
SF:src\utils\validation.ts
FN:19,validateBase64Image
FN:63,(anonymous_1)
FN:64,(anonymous_2)
FN:80,validateEmail
FN:85,sanitizeString
FN:93,validateResourceInput
FN:128,validateGroupInput
FNF:7
FNH:7
FNDA:12,validateBase64Image
FNDA:7,(anonymous_1)
FNDA:24,(anonymous_2)
FNDA:7,validateEmail
FNDA:19,sanitizeString
FNDA:13,validateResourceInput
FNDA:8,validateGroupInput
DA:6,4
DA:9,4
DA:19,4
DA:24,12
DA:25,2
DA:31,10
DA:32,10
DA:33,10
DA:34,2
DA:40,8
DA:41,8
DA:44,8
DA:45,1
DA:52,7
DA:53,7
DA:54,7
DA:55,0
DA:59,7
DA:60,7
DA:61,7
DA:62,7
DA:63,7
DA:64,24
DA:66,7
DA:67,1
DA:74,0
DA:77,6
DA:80,4
DA:81,7
DA:82,7
DA:85,4
DA:89,19
DA:90,17
DA:93,4
DA:97,13
DA:99,13
DA:100,3
DA:102,13
DA:103,1
DA:105,13
DA:106,3
DA:108,13
DA:109,1
DA:112,13
DA:116,1
DA:118,13
DA:119,3
DA:122,13
DA:128,4
DA:132,8
DA:134,8
DA:135,2
DA:137,8
DA:138,1
DA:140,8
DA:141,1
DA:144,8
LF:57
LH:55
BRDA:24,0,0,2
BRDA:24,0,1,10
BRDA:24,1,0,12
BRDA:24,1,1,11
BRDA:33,2,0,2
BRDA:33,2,1,8
BRDA:44,3,0,1
BRDA:44,3,1,7
BRDA:54,4,0,0
BRDA:54,4,1,7
BRDA:62,5,0,7
BRDA:62,5,1,0
BRDA:66,6,0,1
BRDA:66,6,1,6
BRDA:87,7,0,4
BRDA:89,8,0,2
BRDA:89,8,1,17
BRDA:99,9,0,3
BRDA:99,9,1,10
BRDA:99,10,0,13
BRDA:99,10,1,12
BRDA:102,11,0,1
BRDA:102,11,1,12
BRDA:102,12,0,13
BRDA:102,12,1,12
BRDA:105,13,0,3
BRDA:105,13,1,10
BRDA:105,14,0,13
BRDA:105,14,1,12
BRDA:108,15,0,1
BRDA:108,15,1,12
BRDA:108,16,0,13
BRDA:108,16,1,12
BRDA:112,17,0,1
BRDA:112,17,1,12
BRDA:113,18,0,13
BRDA:113,18,1,11
BRDA:113,18,2,10
BRDA:118,19,0,3
BRDA:118,19,1,10
BRDA:134,20,0,2
BRDA:134,20,1,6
BRDA:134,21,0,8
BRDA:134,21,1,8
BRDA:137,22,0,1
BRDA:137,22,1,7
BRDA:137,23,0,8
BRDA:137,23,1,8
BRDA:140,24,0,1
BRDA:140,24,1,7
BRF:50
BRH:48
end_of_record
